This is XeTeX, Version 3.14159265-2.6-0.99991 (TeX Live 2014) (preloaded format=xelatex 2014.12.5)  5 MAR 2015 17:27
entering extended mode
 restricted \write18 enabled.
 %&-line parsing enabled.
**pamhc.tex
(./pamhc.tex
LaTeX2e <2014/05/01>
Babel <3.9k> and hyphenation patterns for 78 languages loaded.
(/usr/local/texlive/2014/texmf-dist/tex/latex/base/book.cls
Document Class: book 2007/10/19 v1.4h Standard LaTeX document class
(/usr/local/texlive/2014/texmf-dist/tex/latex/base/bk10.clo
File: bk10.clo 2007/10/19 v1.4h Standard LaTeX file (size option)
)
\c@part=\count80
\c@chapter=\count81
\c@section=\count82
\c@subsection=\count83
\c@subsubsection=\count84
\c@paragraph=\count85
\c@subparagraph=\count86
\c@figure=\count87
\c@table=\count88
\abovecaptionskip=\skip41
\belowcaptionskip=\skip42
\bibindent=\dimen102
)
(/Users/flow/Library/texmf/tex/latex/cxltx-styles/styles/cxltx-style-position-a
bsolute.sty
Package: cxltx-style-position-absolute 
 (/usr/local/texlive/2014/texmf-dist/tex/latex/textpos/textpos.sty
Package: textpos 2014/01/03 v1.7j

Package: textpos 2014/01/03 1.7j, absolute positioning of text on the page
(/usr/local/texlive/2014/texmf-dist/tex/latex/ms/everyshi.sty
Package: everyshi 2001/05/15 v3.00 EveryShipout Package (MS)
)
\TP@textbox=\box26
\TP@holdbox=\box27
\TPHorizModule=\dimen103
\TPVertModule=\dimen104
\TP@margin=\dimen105
\TP@absmargin=\dimen106
\TPboxrulesize=\dimen107
\TP@ox=\dimen108
\TP@oy=\dimen109
\TP@tbargs=\toks14
\TP@prevdepth=\dimen110
)
(/usr/local/texlive/2014/texmf-dist/tex/latex/tools/calc.sty
Package: calc 2007/08/22 v4.3 Infix arithmetic (KKT,FJ)
\calc@Acount=\count89
\calc@Bcount=\count90
\calc@Adimen=\dimen111
\calc@Bdimen=\dimen112
\calc@Askip=\skip43
\calc@Bskip=\skip44
LaTeX Info: Redefining \setlength on input line 75.
LaTeX Info: Redefining \addtolength on input line 76.
\calc@Ccount=\count91
\calc@Cskip=\skip45
)
(/usr/local/texlive/2014/texmf-dist/tex/latex/fp/fp.sty
Package: fp 1995/04/02

`Fixed Point Package', Version 0.8, April 2, 1995 (C) Michael Mehlich
(/usr/local/texlive/2014/texmf-dist/tex/latex/fp/defpattern.sty
Package: defpattern 1994/10/12
\actioncount=\count92
)
(/usr/local/texlive/2014/texmf-dist/tex/latex/fp/fp-basic.sty
Package: fp-basic 1996/05/13
\FP@xs=\count93
\FP@xia=\count94
\FP@xib=\count95
\FP@xfa=\count96
\FP@xfb=\count97
\FP@rega=\count98
\FP@regb=\count99
\FP@regs=\count100
\FP@times=\count101
)
(/usr/local/texlive/2014/texmf-dist/tex/latex/fp/fp-addons.sty
Package: fp-addons 1995/03/15
)
(/usr/local/texlive/2014/texmf-dist/tex/latex/fp/fp-snap.sty
Package: fp-snap 1995/04/05
)
(/usr/local/texlive/2014/texmf-dist/tex/latex/fp/fp-exp.sty
Package: fp-exp 1995/04/03
)
(/usr/local/texlive/2014/texmf-dist/tex/latex/fp/fp-trigo.sty
Package: fp-trigo 1995/04/14
)
(/usr/local/texlive/2014/texmf-dist/tex/latex/fp/fp-pas.sty
Package: fp-pas 1994/08/29
)
(/usr/local/texlive/2014/texmf-dist/tex/latex/fp/fp-random.sty
Package: fp-random 1995/02/23
\FPseed=\count102
)
(/usr/local/texlive/2014/texmf-dist/tex/latex/fp/fp-eqn.sty
Package: fp-eqn 1995/04/03
)
(/usr/local/texlive/2014/texmf-dist/tex/latex/fp/fp-upn.sty
Package: fp-upn 1996/10/21
)
(/usr/local/texlive/2014/texmf-dist/tex/latex/fp/fp-eval.sty
Package: fp-eval 1995/04/03
))
(/usr/local/texlive/2014/texmf-dist/tex/latex/changepage/changepage.sty
Package: changepage 2009/10/20 v1.0c check page and change page layout
\c@cp@cntr=\count103
\cp@tempcnt=\count104
)
(/Users/flow/Library/texmf/tex/latex/cxltx-styles/styles/cxltx-style-equals.sty
Package: cxltx-style-equals 
(/usr/local/texlive/2014/texmf-dist/tex/latex/etoolbox/etoolbox.sty
Package: etoolbox 2011/01/03 v2.1 e-TeX tools for LaTeX

(/usr/local/texlive/2014/texmf-dist/tex/latex/etex-pkg/etex.sty
Package: etex 1998/03/26 v2.0 eTeX basic definition package (PEB)
\et@xins=\count105
)
\etb@tempcnta=\count106
))
(/Users/flow/Library/texmf/tex/latex/cxltx-styles/styles/cxltx-style-oddeven.st
y
Package: cxltx-style-oddeven 
) (/Users/flow/Library/texmf/tex/latex/cxltx-styles/styles/cxltx-style-trm.sty
Package: cxltx-style-trm 
)
\@paStrutHeight=\dimen113
\@paStrutWidth=\dimen114
\@paStrutDepth=\dimen115
\@paTextWidth=\dimen116
Missing character: There is no ยง in font cmr10!
Missing character: There is no ยง in font cmr10!
) (/usr/local/texlive/2014/texmf-dist/tex/latex/graphics/graphicx.sty
Package: graphicx 2014/04/25 v1.0g Enhanced LaTeX Graphics (DPC,SPQR)

(/usr/local/texlive/2014/texmf-dist/tex/latex/graphics/keyval.sty
Package: keyval 2014/05/08 v1.15 key=value parser (DPC)
\KV@toks@=\toks15
)
(/usr/local/texlive/2014/texmf-dist/tex/latex/graphics/graphics.sty
Package: graphics 2009/02/05 v1.0o Standard LaTeX Graphics (DPC,SPQR)

(/usr/local/texlive/2014/texmf-dist/tex/latex/graphics/trig.sty
Package: trig 1999/03/16 v1.09 sin cos tan (DPC)
)
(/usr/local/texlive/2014/texmf-dist/tex/latex/latexconfig/graphics.cfg
File: graphics.cfg 2010/04/23 v1.9 graphics configuration of TeX Live
)
Package graphics Info: Driver file: xetex.def on input line 91.

(/usr/local/texlive/2014/texmf-dist/tex/xelatex/xetex-def/xetex.def
File: xetex.def 2014/04/28 v4.01 LaTeX color/graphics driver for XeTeX (RRM/JK)

))
\Gin@req@height=\dimen117
\Gin@req@width=\dimen118
)
(./pamhc.aux)
\openout1 = `pamhc.aux'.

LaTeX Font Info:    Checking defaults for OML/cmm/m/it on input line 14.
LaTeX Font Info:    ... okay on input line 14.
LaTeX Font Info:    Checking defaults for T1/cmr/m/n on input line 14.
LaTeX Font Info:    ... okay on input line 14.
LaTeX Font Info:    Checking defaults for OT1/cmr/m/n on input line 14.
LaTeX Font Info:    ... okay on input line 14.
LaTeX Font Info:    Checking defaults for OMS/cmsy/m/n on input line 14.
LaTeX Font Info:    ... okay on input line 14.
LaTeX Font Info:    Checking defaults for OMX/cmex/m/n on input line 14.
LaTeX Font Info:    ... okay on input line 14.
LaTeX Font Info:    Checking defaults for U/cmr/m/n on input line 14.
LaTeX Font Info:    ... okay on input line 14.
 ABD: EveryShipout initializing macros
File: /Volumes/Storage/io/phonologie-auslaute-chinesisch/originals/pamhc-part0-
p001-title.jpg Graphic file (type QTm)

<use  "/Volumes/Storage/io/phonologie-auslaute-chinesisch/originals/pamhc-part0
-p001-title.jpg" >
File: /Volumes/Storage/io/phonologie-auslaute-chinesisch/originals/pamhc-part0-
p001-title.jpg Graphic file (type QTm)

<use  "/Volumes/Storage/io/phonologie-auslaute-chinesisch/originals/pamhc-part0
-p001-title.jpg" > [1

]
File: /Volumes/Storage/io/phonologie-auslaute-chinesisch/originals/pamhc-part0-
p002-blank.jpg Graphic file (type QTm)

<use  "/Volumes/Storage/io/phonologie-auslaute-chinesisch/originals/pamhc-part0
-p002-blank.jpg" >
File: /Volumes/Storage/io/phonologie-auslaute-chinesisch/originals/pamhc-part0-
p002-blank.jpg Graphic file (type QTm)

<use  "/Volumes/Storage/io/phonologie-auslaute-chinesisch/originals/pamhc-part0
-p002-blank.jpg" > [2]
File: /Volumes/Storage/io/phonologie-auslaute-chinesisch/originals/pamhc-part0-
p003-abstract.jpg Graphic file (type QTm)

<use  "/Volumes/Storage/io/phonologie-auslaute-chinesisch/originals/pamhc-part0
-p003-abstract.jpg" >
File: /Volumes/Storage/io/phonologie-auslaute-chinesisch/originals/pamhc-part0-
p003-abstract.jpg Graphic file (type QTm)

<use  "/Volumes/Storage/io/phonologie-auslaute-chinesisch/originals/pamhc-part0
-p003-abstract.jpg" > [3]
File: /Volumes/Storage/io/phonologie-auslaute-chinesisch/originals/pamhc-part0-
p004-motto.jpg Graphic file (type QTm)

<use  "/Volumes/Storage/io/phonologie-auslaute-chinesisch/originals/pamhc-part0
-p004-motto.jpg" >
File: /Volumes/Storage/io/phonologie-auslaute-chinesisch/originals/pamhc-part0-
p004-motto.jpg Graphic file (type QTm)

<use  "/Volumes/Storage/io/phonologie-auslaute-chinesisch/originals/pamhc-part0
-p004-motto.jpg" > [4]
File: /Volumes/Storage/io/phonologie-auslaute-chinesisch/originals/pamhc-part0-
p005-toc.jpg Graphic file (type QTm)

<use  "/Volumes/Storage/io/phonologie-auslaute-chinesisch/originals/pamhc-part0
-p005-toc.jpg" >
File: /Volumes/Storage/io/phonologie-auslaute-chinesisch/originals/pamhc-part0-
p005-toc.jpg Graphic file (type QTm)

<use  "/Volumes/Storage/io/phonologie-auslaute-chinesisch/originals/pamhc-part0
-p005-toc.jpg" > [5]
File: /Volumes/Storage/io/phonologie-auslaute-chinesisch/originals/pamhc-part0-
p006-toc.jpg Graphic file (type QTm)

<use  "/Volumes/Storage/io/phonologie-auslaute-chinesisch/originals/pamhc-part0
-p006-toc.jpg" >
File: /Volumes/Storage/io/phonologie-auslaute-chinesisch/originals/pamhc-part0-
p006-toc.jpg Graphic file (type QTm)

<use  "/Volumes/Storage/io/phonologie-auslaute-chinesisch/originals/pamhc-part0
-p006-toc.jpg" > [6]
File: /Volumes/Storage/io/phonologie-auslaute-chinesisch/originals/pamhc-part0-
p007-preface.jpg Graphic file (type QTm)

<use  "/Volumes/Storage/io/phonologie-auslaute-chinesisch/originals/pamhc-part0
-p007-preface.jpg" >
File: /Volumes/Storage/io/phonologie-auslaute-chinesisch/originals/pamhc-part0-
p007-preface.jpg Graphic file (type QTm)

<use  "/Volumes/Storage/io/phonologie-auslaute-chinesisch/originals/pamhc-part0
-p007-preface.jpg" > [7]
File: /Volumes/Storage/io/phonologie-auslaute-chinesisch/originals/pamhc-part0-
p008-blank.jpg Graphic file (type QTm)

<use  "/Volumes/Storage/io/phonologie-auslaute-chinesisch/originals/pamhc-part0
-p008-blank.jpg" >
File: /Volumes/Storage/io/phonologie-auslaute-chinesisch/originals/pamhc-part0-
p008-blank.jpg Graphic file (type QTm)

<use  "/Volumes/Storage/io/phonologie-auslaute-chinesisch/originals/pamhc-part0
-p008-blank.jpg" > [8]
File: /Volumes/Storage/io/phonologie-auslaute-chinesisch/originals/pamhc-part0-
p009-abbreviations.jpg Graphic file (type QTm)

<use  "/Volumes/Storage/io/phonologie-auslaute-chinesisch/originals/pamhc-part0
-p009-abbreviations.jpg" >
File: /Volumes/Storage/io/phonologie-auslaute-chinesisch/originals/pamhc-part0-
p009-abbreviations.jpg Graphic file (type QTm)

<use  "/Volumes/Storage/io/phonologie-auslaute-chinesisch/originals/pamhc-part0
-p009-abbreviations.jpg" > [9]
File: /Volumes/Storage/io/phonologie-auslaute-chinesisch/originals/pamhc-part0-
p010-blank.jpg Graphic file (type QTm)

<use  "/Volumes/Storage/io/phonologie-auslaute-chinesisch/originals/pamhc-part0
-p010-blank.jpg" >
File: /Volumes/Storage/io/phonologie-auslaute-chinesisch/originals/pamhc-part0-
p010-blank.jpg Graphic file (type QTm)

<use  "/Volumes/Storage/io/phonologie-auslaute-chinesisch/originals/pamhc-part0
-p010-blank.jpg" > [10]
File: /Volumes/Storage/io/phonologie-auslaute-chinesisch/originals/pamhc-part1-
p001-ch01.jpg Graphic file (type QTm)

<use  "/Volumes/Storage/io/phonologie-auslaute-chinesisch/originals/pamhc-part1
-p001-ch01.jpg" >
File: /Volumes/Storage/io/phonologie-auslaute-chinesisch/originals/pamhc-part1-
p001-ch01.jpg Graphic file (type QTm)

<use  "/Volumes/Storage/io/phonologie-auslaute-chinesisch/originals/pamhc-part1
-p001-ch01.jpg" > [11]
File: /Volumes/Storage/io/phonologie-auslaute-chinesisch/originals/pamhc-part1-
p002-ch01.jpg Graphic file (type QTm)

<use  "/Volumes/Storage/io/phonologie-auslaute-chinesisch/originals/pamhc-part1
-p002-ch01.jpg" >
File: /Volumes/Storage/io/phonologie-auslaute-chinesisch/originals/pamhc-part1-
p002-ch01.jpg Graphic file (type QTm)

<use  "/Volumes/Storage/io/phonologie-auslaute-chinesisch/originals/pamhc-part1
-p002-ch01.jpg" > [12]
File: /Volumes/Storage/io/phonologie-auslaute-chinesisch/originals/pamhc-part1-
p003-ch01.jpg Graphic file (type QTm)

<use  "/Volumes/Storage/io/phonologie-auslaute-chinesisch/originals/pamhc-part1
-p003-ch01.jpg" >
File: /Volumes/Storage/io/phonologie-auslaute-chinesisch/originals/pamhc-part1-
p003-ch01.jpg Graphic file (type QTm)

<use  "/Volumes/Storage/io/phonologie-auslaute-chinesisch/originals/pamhc-part1
-p003-ch01.jpg" > [13]
File: /Volumes/Storage/io/phonologie-auslaute-chinesisch/originals/pamhc-part1-
p004-ch01.jpg Graphic file (type QTm)

<use  "/Volumes/Storage/io/phonologie-auslaute-chinesisch/originals/pamhc-part1
-p004-ch01.jpg" >
File: /Volumes/Storage/io/phonologie-auslaute-chinesisch/originals/pamhc-part1-
p004-ch01.jpg Graphic file (type QTm)

<use  "/Volumes/Storage/io/phonologie-auslaute-chinesisch/originals/pamhc-part1
-p004-ch01.jpg" > [14]
File: /Volumes/Storage/io/phonologie-auslaute-chinesisch/originals/pamhc-part1-
p005-ch01.jpg Graphic file (type QTm)

<use  "/Volumes/Storage/io/phonologie-auslaute-chinesisch/originals/pamhc-part1
-p005-ch01.jpg" >
File: /Volumes/Storage/io/phonologie-auslaute-chinesisch/originals/pamhc-part1-
p005-ch01.jpg Graphic file (type QTm)

<use  "/Volumes/Storage/io/phonologie-auslaute-chinesisch/originals/pamhc-part1
-p005-ch01.jpg" > [15]
File: /Volumes/Storage/io/phonologie-auslaute-chinesisch/originals/pamhc-part1-
p006-ch01.jpg Graphic file (type QTm)

<use  "/Volumes/Storage/io/phonologie-auslaute-chinesisch/originals/pamhc-part1
-p006-ch01.jpg" >
File: /Volumes/Storage/io/phonologie-auslaute-chinesisch/originals/pamhc-part1-
p006-ch01.jpg Graphic file (type QTm)

<use  "/Volumes/Storage/io/phonologie-auslaute-chinesisch/originals/pamhc-part1
-p006-ch01.jpg" > [16]
File: /Volumes/Storage/io/phonologie-auslaute-chinesisch/originals/pamhc-part1-
p007-ch01.jpg Graphic file (type QTm)

<use  "/Volumes/Storage/io/phonologie-auslaute-chinesisch/originals/pamhc-part1
-p007-ch01.jpg" >
File: /Volumes/Storage/io/phonologie-auslaute-chinesisch/originals/pamhc-part1-
p007-ch01.jpg Graphic file (type QTm)

<use  "/Volumes/Storage/io/phonologie-auslaute-chinesisch/originals/pamhc-part1
-p007-ch01.jpg" > [17]
File: /Volumes/Storage/io/phonologie-auslaute-chinesisch/originals/pamhc-part1-
p008-ch01.jpg Graphic file (type QTm)

<use  "/Volumes/Storage/io/phonologie-auslaute-chinesisch/originals/pamhc-part1
-p008-ch01.jpg" >
File: /Volumes/Storage/io/phonologie-auslaute-chinesisch/originals/pamhc-part1-
p008-ch01.jpg Graphic file (type QTm)

<use  "/Volumes/Storage/io/phonologie-auslaute-chinesisch/originals/pamhc-part1
-p008-ch01.jpg" > [18]
File: /Volumes/Storage/io/phonologie-auslaute-chinesisch/originals/pamhc-part1-
p009-ch01.jpg Graphic file (type QTm)

<use  "/Volumes/Storage/io/phonologie-auslaute-chinesisch/originals/pamhc-part1
-p009-ch01.jpg" >
File: /Volumes/Storage/io/phonologie-auslaute-chinesisch/originals/pamhc-part1-
p009-ch01.jpg Graphic file (type QTm)

<use  "/Volumes/Storage/io/phonologie-auslaute-chinesisch/originals/pamhc-part1
-p009-ch01.jpg" > [19]
File: /Volumes/Storage/io/phonologie-auslaute-chinesisch/originals/pamhc-part1-
p010-ch01.jpg Graphic file (type QTm)

<use  "/Volumes/Storage/io/phonologie-auslaute-chinesisch/originals/pamhc-part1
-p010-ch01.jpg" >
File: /Volumes/Storage/io/phonologie-auslaute-chinesisch/originals/pamhc-part1-
p010-ch01.jpg Graphic file (type QTm)

<use  "/Volumes/Storage/io/phonologie-auslaute-chinesisch/originals/pamhc-part1
-p010-ch01.jpg" > [20]
File: /Volumes/Storage/io/phonologie-auslaute-chinesisch/originals/pamhc-part1-
p011-ch01.jpg Graphic file (type QTm)

<use  "/Volumes/Storage/io/phonologie-auslaute-chinesisch/originals/pamhc-part1
-p011-ch01.jpg" >
File: /Volumes/Storage/io/phonologie-auslaute-chinesisch/originals/pamhc-part1-
p011-ch01.jpg Graphic file (type QTm)

<use  "/Volumes/Storage/io/phonologie-auslaute-chinesisch/originals/pamhc-part1
-p011-ch01.jpg" > [21]
File: /Volumes/Storage/io/phonologie-auslaute-chinesisch/originals/pamhc-part1-
p012-ch01.jpg Graphic file (type QTm)

<use  "/Volumes/Storage/io/phonologie-auslaute-chinesisch/originals/pamhc-part1
-p012-ch01.jpg" >
File: /Volumes/Storage/io/phonologie-auslaute-chinesisch/originals/pamhc-part1-
p012-ch01.jpg Graphic file (type QTm)

<use  "/Volumes/Storage/io/phonologie-auslaute-chinesisch/originals/pamhc-part1
-p012-ch01.jpg" > [22]
File: /Volumes/Storage/io/phonologie-auslaute-chinesisch/originals/pamhc-part1-
p013-ch01.jpg Graphic file (type QTm)

<use  "/Volumes/Storage/io/phonologie-auslaute-chinesisch/originals/pamhc-part1
-p013-ch01.jpg" >
File: /Volumes/Storage/io/phonologie-auslaute-chinesisch/originals/pamhc-part1-
p013-ch01.jpg Graphic file (type QTm)

<use  "/Volumes/Storage/io/phonologie-auslaute-chinesisch/originals/pamhc-part1
-p013-ch01.jpg" > [23]
File: /Volumes/Storage/io/phonologie-auslaute-chinesisch/originals/pamhc-part1-
p014-ch01.jpg Graphic file (type QTm)

<use  "/Volumes/Storage/io/phonologie-auslaute-chinesisch/originals/pamhc-part1
-p014-ch01.jpg" >
File: /Volumes/Storage/io/phonologie-auslaute-chinesisch/originals/pamhc-part1-
p014-ch01.jpg Graphic file (type QTm)

<use  "/Volumes/Storage/io/phonologie-auslaute-chinesisch/originals/pamhc-part1
-p014-ch01.jpg" > [24]
File: /Volumes/Storage/io/phonologie-auslaute-chinesisch/originals/pamhc-part1-
p015-ch02.jpg Graphic file (type QTm)

<use  "/Volumes/Storage/io/phonologie-auslaute-chinesisch/originals/pamhc-part1
-p015-ch02.jpg" >
File: /Volumes/Storage/io/phonologie-auslaute-chinesisch/originals/pamhc-part1-
p015-ch02.jpg Graphic file (type QTm)

<use  "/Volumes/Storage/io/phonologie-auslaute-chinesisch/originals/pamhc-part1
-p015-ch02.jpg" > [25]
File: /Volumes/Storage/io/phonologie-auslaute-chinesisch/originals/pamhc-part1-
p016-ch02.jpg Graphic file (type QTm)

<use  "/Volumes/Storage/io/phonologie-auslaute-chinesisch/originals/pamhc-part1
-p016-ch02.jpg" >
File: /Volumes/Storage/io/phonologie-auslaute-chinesisch/originals/pamhc-part1-
p016-ch02.jpg Graphic file (type QTm)

<use  "/Volumes/Storage/io/phonologie-auslaute-chinesisch/originals/pamhc-part1
-p016-ch02.jpg" > [26]
File: /Volumes/Storage/io/phonologie-auslaute-chinesisch/originals/pamhc-part1-
p017-ch02.jpg Graphic file (type QTm)

<use  "/Volumes/Storage/io/phonologie-auslaute-chinesisch/originals/pamhc-part1
-p017-ch02.jpg" >
File: /Volumes/Storage/io/phonologie-auslaute-chinesisch/originals/pamhc-part1-
p017-ch02.jpg Graphic file (type QTm)

<use  "/Volumes/Storage/io/phonologie-auslaute-chinesisch/originals/pamhc-part1
-p017-ch02.jpg" > [27]
File: /Volumes/Storage/io/phonologie-auslaute-chinesisch/originals/pamhc-part1-
p018-ch02.jpg Graphic file (type QTm)

<use  "/Volumes/Storage/io/phonologie-auslaute-chinesisch/originals/pamhc-part1
-p018-ch02.jpg" >
File: /Volumes/Storage/io/phonologie-auslaute-chinesisch/originals/pamhc-part1-
p018-ch02.jpg Graphic file (type QTm)

<use  "/Volumes/Storage/io/phonologie-auslaute-chinesisch/originals/pamhc-part1
-p018-ch02.jpg" > [28]
File: /Volumes/Storage/io/phonologie-auslaute-chinesisch/originals/pamhc-part1-
p019-ch02.jpg Graphic file (type QTm)

<use  "/Volumes/Storage/io/phonologie-auslaute-chinesisch/originals/pamhc-part1
-p019-ch02.jpg" >
File: /Volumes/Storage/io/phonologie-auslaute-chinesisch/originals/pamhc-part1-
p019-ch02.jpg Graphic file (type QTm)

<use  "/Volumes/Storage/io/phonologie-auslaute-chinesisch/originals/pamhc-part1
-p019-ch02.jpg" > [29]
File: /Volumes/Storage/io/phonologie-auslaute-chinesisch/originals/pamhc-part1-
p020-ch02.jpg Graphic file (type QTm)

<use  "/Volumes/Storage/io/phonologie-auslaute-chinesisch/originals/pamhc-part1
-p020-ch02.jpg" >
File: /Volumes/Storage/io/phonologie-auslaute-chinesisch/originals/pamhc-part1-
p020-ch02.jpg Graphic file (type QTm)

<use  "/Volumes/Storage/io/phonologie-auslaute-chinesisch/originals/pamhc-part1
-p020-ch02.jpg" > [30]
File: /Volumes/Storage/io/phonologie-auslaute-chinesisch/originals/pamhc-part1-
p021-ch02.jpg Graphic file (type QTm)

<use  "/Volumes/Storage/io/phonologie-auslaute-chinesisch/originals/pamhc-part1
-p021-ch02.jpg" >
File: /Volumes/Storage/io/phonologie-auslaute-chinesisch/originals/pamhc-part1-
p021-ch02.jpg Graphic file (type QTm)

<use  "/Volumes/Storage/io/phonologie-auslaute-chinesisch/originals/pamhc-part1
-p021-ch02.jpg" > [31]
File: /Volumes/Storage/io/phonologie-auslaute-chinesisch/originals/pamhc-part1-
p022-ch02.jpg Graphic file (type QTm)

<use  "/Volumes/Storage/io/phonologie-auslaute-chinesisch/originals/pamhc-part1
-p022-ch02.jpg" >
File: /Volumes/Storage/io/phonologie-auslaute-chinesisch/originals/pamhc-part1-
p022-ch02.jpg Graphic file (type QTm)

<use  "/Volumes/Storage/io/phonologie-auslaute-chinesisch/originals/pamhc-part1
-p022-ch02.jpg" > [32]
File: /Volumes/Storage/io/phonologie-auslaute-chinesisch/originals/pamhc-part1-
p023-ch02.jpg Graphic file (type QTm)

<use  "/Volumes/Storage/io/phonologie-auslaute-chinesisch/originals/pamhc-part1
-p023-ch02.jpg" >
File: /Volumes/Storage/io/phonologie-auslaute-chinesisch/originals/pamhc-part1-
p023-ch02.jpg Graphic file (type QTm)

<use  "/Volumes/Storage/io/phonologie-auslaute-chinesisch/originals/pamhc-part1
-p023-ch02.jpg" > [33]
File: /Volumes/Storage/io/phonologie-auslaute-chinesisch/originals/pamhc-part1-
p024-ch02.jpg Graphic file (type QTm)

<use  "/Volumes/Storage/io/phonologie-auslaute-chinesisch/originals/pamhc-part1
-p024-ch02.jpg" >
File: /Volumes/Storage/io/phonologie-auslaute-chinesisch/originals/pamhc-part1-
p024-ch02.jpg Graphic file (type QTm)

<use  "/Volumes/Storage/io/phonologie-auslaute-chinesisch/originals/pamhc-part1
-p024-ch02.jpg" > [34]
File: /Volumes/Storage/io/phonologie-auslaute-chinesisch/originals/pamhc-part1-
p025-ch03.jpg Graphic file (type QTm)

<use  "/Volumes/Storage/io/phonologie-auslaute-chinesisch/originals/pamhc-part1
-p025-ch03.jpg" >
File: /Volumes/Storage/io/phonologie-auslaute-chinesisch/originals/pamhc-part1-
p025-ch03.jpg Graphic file (type QTm)

<use  "/Volumes/Storage/io/phonologie-auslaute-chinesisch/originals/pamhc-part1
-p025-ch03.jpg" > [35]
File: /Volumes/Storage/io/phonologie-auslaute-chinesisch/originals/pamhc-part1-
p026-ch03.jpg Graphic file (type QTm)

<use  "/Volumes/Storage/io/phonologie-auslaute-chinesisch/originals/pamhc-part1
-p026-ch03.jpg" >
File: /Volumes/Storage/io/phonologie-auslaute-chinesisch/originals/pamhc-part1-
p026-ch03.jpg Graphic file (type QTm)

<use  "/Volumes/Storage/io/phonologie-auslaute-chinesisch/originals/pamhc-part1
-p026-ch03.jpg" > [36]
File: /Volumes/Storage/io/phonologie-auslaute-chinesisch/originals/pamhc-part1-
p027-ch03.jpg Graphic file (type QTm)

<use  "/Volumes/Storage/io/phonologie-auslaute-chinesisch/originals/pamhc-part1
-p027-ch03.jpg" >
File: /Volumes/Storage/io/phonologie-auslaute-chinesisch/originals/pamhc-part1-
p027-ch03.jpg Graphic file (type QTm)

<use  "/Volumes/Storage/io/phonologie-auslaute-chinesisch/originals/pamhc-part1
-p027-ch03.jpg" > [37]
File: /Volumes/Storage/io/phonologie-auslaute-chinesisch/originals/pamhc-part1-
p028-ch03.jpg Graphic file (type QTm)

<use  "/Volumes/Storage/io/phonologie-auslaute-chinesisch/originals/pamhc-part1
-p028-ch03.jpg" >
File: /Volumes/Storage/io/phonologie-auslaute-chinesisch/originals/pamhc-part1-
p028-ch03.jpg Graphic file (type QTm)

<use  "/Volumes/Storage/io/phonologie-auslaute-chinesisch/originals/pamhc-part1
-p028-ch03.jpg" > [38]
File: /Volumes/Storage/io/phonologie-auslaute-chinesisch/originals/pamhc-part1-
p029-ch03.jpg Graphic file (type QTm)

<use  "/Volumes/Storage/io/phonologie-auslaute-chinesisch/originals/pamhc-part1
-p029-ch03.jpg" >
File: /Volumes/Storage/io/phonologie-auslaute-chinesisch/originals/pamhc-part1-
p029-ch03.jpg Graphic file (type QTm)

<use  "/Volumes/Storage/io/phonologie-auslaute-chinesisch/originals/pamhc-part1
-p029-ch03.jpg" > [39]
File: /Volumes/Storage/io/phonologie-auslaute-chinesisch/originals/pamhc-part1-
p030-ch03.jpg Graphic file (type QTm)

<use  "/Volumes/Storage/io/phonologie-auslaute-chinesisch/originals/pamhc-part1
-p030-ch03.jpg" >
File: /Volumes/Storage/io/phonologie-auslaute-chinesisch/originals/pamhc-part1-
p030-ch03.jpg Graphic file (type QTm)

<use  "/Volumes/Storage/io/phonologie-auslaute-chinesisch/originals/pamhc-part1
-p030-ch03.jpg" > [40]
File: /Volumes/Storage/io/phonologie-auslaute-chinesisch/originals/pamhc-part1-
p031-ch03.jpg Graphic file (type QTm)

<use  "/Volumes/Storage/io/phonologie-auslaute-chinesisch/originals/pamhc-part1
-p031-ch03.jpg" >
File: /Volumes/Storage/io/phonologie-auslaute-chinesisch/originals/pamhc-part1-
p031-ch03.jpg Graphic file (type QTm)

<use  "/Volumes/Storage/io/phonologie-auslaute-chinesisch/originals/pamhc-part1
-p031-ch03.jpg" > [41]
File: /Volumes/Storage/io/phonologie-auslaute-chinesisch/originals/pamhc-part1-
p032-ch03.jpg Graphic file (type QTm)

<use  "/Volumes/Storage/io/phonologie-auslaute-chinesisch/originals/pamhc-part1
-p032-ch03.jpg" >
File: /Volumes/Storage/io/phonologie-auslaute-chinesisch/originals/pamhc-part1-
p032-ch03.jpg Graphic file (type QTm)

<use  "/Volumes/Storage/io/phonologie-auslaute-chinesisch/originals/pamhc-part1
-p032-ch03.jpg" > [42]
File: /Volumes/Storage/io/phonologie-auslaute-chinesisch/originals/pamhc-part1-
p033-ch03.jpg Graphic file (type QTm)

<use  "/Volumes/Storage/io/phonologie-auslaute-chinesisch/originals/pamhc-part1
-p033-ch03.jpg" >
File: /Volumes/Storage/io/phonologie-auslaute-chinesisch/originals/pamhc-part1-
p033-ch03.jpg Graphic file (type QTm)

<use  "/Volumes/Storage/io/phonologie-auslaute-chinesisch/originals/pamhc-part1
-p033-ch03.jpg" > [43]
File: /Volumes/Storage/io/phonologie-auslaute-chinesisch/originals/pamhc-part1-
p034-ch03-blank.jpg Graphic file (type QTm)

<use  "/Volumes/Storage/io/phonologie-auslaute-chinesisch/originals/pamhc-part1
-p034-ch03-blank.jpg" >
File: /Volumes/Storage/io/phonologie-auslaute-chinesisch/originals/pamhc-part1-
p034-ch03-blank.jpg Graphic file (type QTm)

<use  "/Volumes/Storage/io/phonologie-auslaute-chinesisch/originals/pamhc-part1
-p034-ch03-blank.jpg" > [44]
File: /Volumes/Storage/io/phonologie-auslaute-chinesisch/originals/pamhc-part1-
p035-ch04.jpg Graphic file (type QTm)

<use  "/Volumes/Storage/io/phonologie-auslaute-chinesisch/originals/pamhc-part1
-p035-ch04.jpg" >
File: /Volumes/Storage/io/phonologie-auslaute-chinesisch/originals/pamhc-part1-
p035-ch04.jpg Graphic file (type QTm)

<use  "/Volumes/Storage/io/phonologie-auslaute-chinesisch/originals/pamhc-part1
-p035-ch04.jpg" > [45]
File: /Volumes/Storage/io/phonologie-auslaute-chinesisch/originals/pamhc-part1-
p036-ch04.jpg Graphic file (type QTm)

<use  "/Volumes/Storage/io/phonologie-auslaute-chinesisch/originals/pamhc-part1
-p036-ch04.jpg" >
File: /Volumes/Storage/io/phonologie-auslaute-chinesisch/originals/pamhc-part1-
p036-ch04.jpg Graphic file (type QTm)

<use  "/Volumes/Storage/io/phonologie-auslaute-chinesisch/originals/pamhc-part1
-p036-ch04.jpg" > [46]
File: /Volumes/Storage/io/phonologie-auslaute-chinesisch/originals/pamhc-part1-
p037-ch04.jpg Graphic file (type QTm)

<use  "/Volumes/Storage/io/phonologie-auslaute-chinesisch/originals/pamhc-part1
-p037-ch04.jpg" >
File: /Volumes/Storage/io/phonologie-auslaute-chinesisch/originals/pamhc-part1-
p037-ch04.jpg Graphic file (type QTm)

<use  "/Volumes/Storage/io/phonologie-auslaute-chinesisch/originals/pamhc-part1
-p037-ch04.jpg" > [47]
File: /Volumes/Storage/io/phonologie-auslaute-chinesisch/originals/pamhc-part1-
p038-ch04.jpg Graphic file (type QTm)

<use  "/Volumes/Storage/io/phonologie-auslaute-chinesisch/originals/pamhc-part1
-p038-ch04.jpg" >
File: /Volumes/Storage/io/phonologie-auslaute-chinesisch/originals/pamhc-part1-
p038-ch04.jpg Graphic file (type QTm)

<use  "/Volumes/Storage/io/phonologie-auslaute-chinesisch/originals/pamhc-part1
-p038-ch04.jpg" > [48]
File: /Volumes/Storage/io/phonologie-auslaute-chinesisch/originals/pamhc-part1-
p039-ch04.jpg Graphic file (type QTm)

<use  "/Volumes/Storage/io/phonologie-auslaute-chinesisch/originals/pamhc-part1
-p039-ch04.jpg" >
File: /Volumes/Storage/io/phonologie-auslaute-chinesisch/originals/pamhc-part1-
p039-ch04.jpg Graphic file (type QTm)

<use  "/Volumes/Storage/io/phonologie-auslaute-chinesisch/originals/pamhc-part1
-p039-ch04.jpg" > [49]
File: /Volumes/Storage/io/phonologie-auslaute-chinesisch/originals/pamhc-part1-
p040-ch04.jpg Graphic file (type QTm)

<use  "/Volumes/Storage/io/phonologie-auslaute-chinesisch/originals/pamhc-part1
-p040-ch04.jpg" >
File: /Volumes/Storage/io/phonologie-auslaute-chinesisch/originals/pamhc-part1-
p040-ch04.jpg Graphic file (type QTm)

<use  "/Volumes/Storage/io/phonologie-auslaute-chinesisch/originals/pamhc-part1
-p040-ch04.jpg" > [50]
File: /Volumes/Storage/io/phonologie-auslaute-chinesisch/originals/pamhc-part1-
p041-ch04.jpg Graphic file (type QTm)

<use  "/Volumes/Storage/io/phonologie-auslaute-chinesisch/originals/pamhc-part1
-p041-ch04.jpg" >
File: /Volumes/Storage/io/phonologie-auslaute-chinesisch/originals/pamhc-part1-
p041-ch04.jpg Graphic file (type QTm)

<use  "/Volumes/Storage/io/phonologie-auslaute-chinesisch/originals/pamhc-part1
-p041-ch04.jpg" > [51]
File: /Volumes/Storage/io/phonologie-auslaute-chinesisch/originals/pamhc-part1-
p042-ch04.jpg Graphic file (type QTm)

<use  "/Volumes/Storage/io/phonologie-auslaute-chinesisch/originals/pamhc-part1
-p042-ch04.jpg" >
File: /Volumes/Storage/io/phonologie-auslaute-chinesisch/originals/pamhc-part1-
p042-ch04.jpg Graphic file (type QTm)

<use  "/Volumes/Storage/io/phonologie-auslaute-chinesisch/originals/pamhc-part1
-p042-ch04.jpg" > [52]
File: /Volumes/Storage/io/phonologie-auslaute-chinesisch/originals/pamhc-part1-
p043-ch04.jpg Graphic file (type QTm)

<use  "/Volumes/Storage/io/phonologie-auslaute-chinesisch/originals/pamhc-part1
-p043-ch04.jpg" >
File: /Volumes/Storage/io/phonologie-auslaute-chinesisch/originals/pamhc-part1-
p043-ch04.jpg Graphic file (type QTm)

<use  "/Volumes/Storage/io/phonologie-auslaute-chinesisch/originals/pamhc-part1
-p043-ch04.jpg" > [53]
File: /Volumes/Storage/io/phonologie-auslaute-chinesisch/originals/pamhc-part1-
p044-ch04.jpg Graphic file (type QTm)

<use  "/Volumes/Storage/io/phonologie-auslaute-chinesisch/originals/pamhc-part1
-p044-ch04.jpg" >
File: /Volumes/Storage/io/phonologie-auslaute-chinesisch/originals/pamhc-part1-
p044-ch04.jpg Graphic file (type QTm)

<use  "/Volumes/Storage/io/phonologie-auslaute-chinesisch/originals/pamhc-part1
-p044-ch04.jpg" > [54]
File: /Volumes/Storage/io/phonologie-auslaute-chinesisch/originals/pamhc-part1-
p045-ch04.jpg Graphic file (type QTm)

<use  "/Volumes/Storage/io/phonologie-auslaute-chinesisch/originals/pamhc-part1
-p045-ch04.jpg" >
File: /Volumes/Storage/io/phonologie-auslaute-chinesisch/originals/pamhc-part1-
p045-ch04.jpg Graphic file (type QTm)

<use  "/Volumes/Storage/io/phonologie-auslaute-chinesisch/originals/pamhc-part1
-p045-ch04.jpg" > [55]
File: /Volumes/Storage/io/phonologie-auslaute-chinesisch/originals/pamhc-part1-
p046-ch04.jpg Graphic file (type QTm)

<use  "/Volumes/Storage/io/phonologie-auslaute-chinesisch/originals/pamhc-part1
-p046-ch04.jpg" >
File: /Volumes/Storage/io/phonologie-auslaute-chinesisch/originals/pamhc-part1-
p046-ch04.jpg Graphic file (type QTm)

<use  "/Volumes/Storage/io/phonologie-auslaute-chinesisch/originals/pamhc-part1
-p046-ch04.jpg" > [56]
File: /Volumes/Storage/io/phonologie-auslaute-chinesisch/originals/pamhc-part1-
p047-ch04.jpg Graphic file (type QTm)

<use  "/Volumes/Storage/io/phonologie-auslaute-chinesisch/originals/pamhc-part1
-p047-ch04.jpg" >
File: /Volumes/Storage/io/phonologie-auslaute-chinesisch/originals/pamhc-part1-
p047-ch04.jpg Graphic file (type QTm)

<use  "/Volumes/Storage/io/phonologie-auslaute-chinesisch/originals/pamhc-part1
-p047-ch04.jpg" > [57]
File: /Volumes/Storage/io/phonologie-auslaute-chinesisch/originals/pamhc-part1-
p048-ch04.jpg Graphic file (type QTm)

<use  "/Volumes/Storage/io/phonologie-auslaute-chinesisch/originals/pamhc-part1
-p048-ch04.jpg" >
File: /Volumes/Storage/io/phonologie-auslaute-chinesisch/originals/pamhc-part1-
p048-ch04.jpg Graphic file (type QTm)

<use  "/Volumes/Storage/io/phonologie-auslaute-chinesisch/originals/pamhc-part1
-p048-ch04.jpg" > [58]
File: /Volumes/Storage/io/phonologie-auslaute-chinesisch/originals/pamhc-part1-
p049-ch04.jpg Graphic file (type QTm)

<use  "/Volumes/Storage/io/phonologie-auslaute-chinesisch/originals/pamhc-part1
-p049-ch04.jpg" >
File: /Volumes/Storage/io/phonologie-auslaute-chinesisch/originals/pamhc-part1-
p049-ch04.jpg Graphic file (type QTm)

<use  "/Volumes/Storage/io/phonologie-auslaute-chinesisch/originals/pamhc-part1
-p049-ch04.jpg" > [59]
File: /Volumes/Storage/io/phonologie-auslaute-chinesisch/originals/pamhc-part1-
p050-ch04.jpg Graphic file (type QTm)

<use  "/Volumes/Storage/io/phonologie-auslaute-chinesisch/originals/pamhc-part1
-p050-ch04.jpg" >
File: /Volumes/Storage/io/phonologie-auslaute-chinesisch/originals/pamhc-part1-
p050-ch04.jpg Graphic file (type QTm)

<use  "/Volumes/Storage/io/phonologie-auslaute-chinesisch/originals/pamhc-part1
-p050-ch04.jpg" > [60]
File: /Volumes/Storage/io/phonologie-auslaute-chinesisch/originals/pamhc-part1-
p051-ch04.jpg Graphic file (type QTm)

<use  "/Volumes/Storage/io/phonologie-auslaute-chinesisch/originals/pamhc-part1
-p051-ch04.jpg" >
File: /Volumes/Storage/io/phonologie-auslaute-chinesisch/originals/pamhc-part1-
p051-ch04.jpg Graphic file (type QTm)

<use  "/Volumes/Storage/io/phonologie-auslaute-chinesisch/originals/pamhc-part1
-p051-ch04.jpg" > [61]
File: /Volumes/Storage/io/phonologie-auslaute-chinesisch/originals/pamhc-part1-
p052-ch04.jpg Graphic file (type QTm)

<use  "/Volumes/Storage/io/phonologie-auslaute-chinesisch/originals/pamhc-part1
-p052-ch04.jpg" >
File: /Volumes/Storage/io/phonologie-auslaute-chinesisch/originals/pamhc-part1-
p052-ch04.jpg Graphic file (type QTm)

<use  "/Volumes/Storage/io/phonologie-auslaute-chinesisch/originals/pamhc-part1
-p052-ch04.jpg" > [62]
File: /Volumes/Storage/io/phonologie-auslaute-chinesisch/originals/pamhc-part1-
p053-ch04.jpg Graphic file (type QTm)

<use  "/Volumes/Storage/io/phonologie-auslaute-chinesisch/originals/pamhc-part1
-p053-ch04.jpg" >
File: /Volumes/Storage/io/phonologie-auslaute-chinesisch/originals/pamhc-part1-
p053-ch04.jpg Graphic file (type QTm)

<use  "/Volumes/Storage/io/phonologie-auslaute-chinesisch/originals/pamhc-part1
-p053-ch04.jpg" > [63]
File: /Volumes/Storage/io/phonologie-auslaute-chinesisch/originals/pamhc-part1-
p054-ch04.jpg Graphic file (type QTm)

<use  "/Volumes/Storage/io/phonologie-auslaute-chinesisch/originals/pamhc-part1
-p054-ch04.jpg" >
File: /Volumes/Storage/io/phonologie-auslaute-chinesisch/originals/pamhc-part1-
p054-ch04.jpg Graphic file (type QTm)

<use  "/Volumes/Storage/io/phonologie-auslaute-chinesisch/originals/pamhc-part1
-p054-ch04.jpg" > [64]
File: /Volumes/Storage/io/phonologie-auslaute-chinesisch/originals/pamhc-part1-
p055-ch05.jpg Graphic file (type QTm)

<use  "/Volumes/Storage/io/phonologie-auslaute-chinesisch/originals/pamhc-part1
-p055-ch05.jpg" >
File: /Volumes/Storage/io/phonologie-auslaute-chinesisch/originals/pamhc-part1-
p055-ch05.jpg Graphic file (type QTm)

<use  "/Volumes/Storage/io/phonologie-auslaute-chinesisch/originals/pamhc-part1
-p055-ch05.jpg" > [65]
File: /Volumes/Storage/io/phonologie-auslaute-chinesisch/originals/pamhc-part1-
p056-ch05.jpg Graphic file (type QTm)

<use  "/Volumes/Storage/io/phonologie-auslaute-chinesisch/originals/pamhc-part1
-p056-ch05.jpg" >
File: /Volumes/Storage/io/phonologie-auslaute-chinesisch/originals/pamhc-part1-
p056-ch05.jpg Graphic file (type QTm)

<use  "/Volumes/Storage/io/phonologie-auslaute-chinesisch/originals/pamhc-part1
-p056-ch05.jpg" > [66]
File: /Volumes/Storage/io/phonologie-auslaute-chinesisch/originals/pamhc-part1-
p057-ch05.jpg Graphic file (type QTm)

<use  "/Volumes/Storage/io/phonologie-auslaute-chinesisch/originals/pamhc-part1
-p057-ch05.jpg" >
File: /Volumes/Storage/io/phonologie-auslaute-chinesisch/originals/pamhc-part1-
p057-ch05.jpg Graphic file (type QTm)

<use  "/Volumes/Storage/io/phonologie-auslaute-chinesisch/originals/pamhc-part1
-p057-ch05.jpg" > [67]
File: /Volumes/Storage/io/phonologie-auslaute-chinesisch/originals/pamhc-part1-
p058-ch05.jpg Graphic file (type QTm)

<use  "/Volumes/Storage/io/phonologie-auslaute-chinesisch/originals/pamhc-part1
-p058-ch05.jpg" >
File: /Volumes/Storage/io/phonologie-auslaute-chinesisch/originals/pamhc-part1-
p058-ch05.jpg Graphic file (type QTm)

<use  "/Volumes/Storage/io/phonologie-auslaute-chinesisch/originals/pamhc-part1
-p058-ch05.jpg" > [68]
File: /Volumes/Storage/io/phonologie-auslaute-chinesisch/originals/pamhc-part1-
p059-ch05.jpg Graphic file (type QTm)

<use  "/Volumes/Storage/io/phonologie-auslaute-chinesisch/originals/pamhc-part1
-p059-ch05.jpg" >
File: /Volumes/Storage/io/phonologie-auslaute-chinesisch/originals/pamhc-part1-
p059-ch05.jpg Graphic file (type QTm)

<use  "/Volumes/Storage/io/phonologie-auslaute-chinesisch/originals/pamhc-part1
-p059-ch05.jpg" > [69]
File: /Volumes/Storage/io/phonologie-auslaute-chinesisch/originals/pamhc-part1-
p060-ch05.jpg Graphic file (type QTm)

<use  "/Volumes/Storage/io/phonologie-auslaute-chinesisch/originals/pamhc-part1
-p060-ch05.jpg" >
File: /Volumes/Storage/io/phonologie-auslaute-chinesisch/originals/pamhc-part1-
p060-ch05.jpg Graphic file (type QTm)

<use  "/Volumes/Storage/io/phonologie-auslaute-chinesisch/originals/pamhc-part1
-p060-ch05.jpg" > [70]
File: /Volumes/Storage/io/phonologie-auslaute-chinesisch/originals/pamhc-part1-
p061-ch05.jpg Graphic file (type QTm)

<use  "/Volumes/Storage/io/phonologie-auslaute-chinesisch/originals/pamhc-part1
-p061-ch05.jpg" >
File: /Volumes/Storage/io/phonologie-auslaute-chinesisch/originals/pamhc-part1-
p061-ch05.jpg Graphic file (type QTm)

<use  "/Volumes/Storage/io/phonologie-auslaute-chinesisch/originals/pamhc-part1
-p061-ch05.jpg" > [71]
File: /Volumes/Storage/io/phonologie-auslaute-chinesisch/originals/pamhc-part1-
p062-ch05.jpg Graphic file (type QTm)

<use  "/Volumes/Storage/io/phonologie-auslaute-chinesisch/originals/pamhc-part1
-p062-ch05.jpg" >
File: /Volumes/Storage/io/phonologie-auslaute-chinesisch/originals/pamhc-part1-
p062-ch05.jpg Graphic file (type QTm)

<use  "/Volumes/Storage/io/phonologie-auslaute-chinesisch/originals/pamhc-part1
-p062-ch05.jpg" > [72]
File: /Volumes/Storage/io/phonologie-auslaute-chinesisch/originals/pamhc-part1-
p063-ch05.jpg Graphic file (type QTm)

<use  "/Volumes/Storage/io/phonologie-auslaute-chinesisch/originals/pamhc-part1
-p063-ch05.jpg" >
File: /Volumes/Storage/io/phonologie-auslaute-chinesisch/originals/pamhc-part1-
p063-ch05.jpg Graphic file (type QTm)

<use  "/Volumes/Storage/io/phonologie-auslaute-chinesisch/originals/pamhc-part1
-p063-ch05.jpg" > [73]
File: /Volumes/Storage/io/phonologie-auslaute-chinesisch/originals/pamhc-part1-
p064-ch05.jpg Graphic file (type QTm)

<use  "/Volumes/Storage/io/phonologie-auslaute-chinesisch/originals/pamhc-part1
-p064-ch05.jpg" >
File: /Volumes/Storage/io/phonologie-auslaute-chinesisch/originals/pamhc-part1-
p064-ch05.jpg Graphic file (type QTm)

<use  "/Volumes/Storage/io/phonologie-auslaute-chinesisch/originals/pamhc-part1
-p064-ch05.jpg" > [74]
File: /Volumes/Storage/io/phonologie-auslaute-chinesisch/originals/pamhc-part1-
p065-ch05.jpg Graphic file (type QTm)

<use  "/Volumes/Storage/io/phonologie-auslaute-chinesisch/originals/pamhc-part1
-p065-ch05.jpg" >
File: /Volumes/Storage/io/phonologie-auslaute-chinesisch/originals/pamhc-part1-
p065-ch05.jpg Graphic file (type QTm)

<use  "/Volumes/Storage/io/phonologie-auslaute-chinesisch/originals/pamhc-part1
-p065-ch05.jpg" > [75]
File: /Volumes/Storage/io/phonologie-auslaute-chinesisch/originals/pamhc-part1-
p066-ch05.jpg Graphic file (type QTm)

<use  "/Volumes/Storage/io/phonologie-auslaute-chinesisch/originals/pamhc-part1
-p066-ch05.jpg" >
File: /Volumes/Storage/io/phonologie-auslaute-chinesisch/originals/pamhc-part1-
p066-ch05.jpg Graphic file (type QTm)

<use  "/Volumes/Storage/io/phonologie-auslaute-chinesisch/originals/pamhc-part1
-p066-ch05.jpg" > [76]
File: /Volumes/Storage/io/phonologie-auslaute-chinesisch/originals/pamhc-part1-
p067-ch05.jpg Graphic file (type QTm)

<use  "/Volumes/Storage/io/phonologie-auslaute-chinesisch/originals/pamhc-part1
-p067-ch05.jpg" >
File: /Volumes/Storage/io/phonologie-auslaute-chinesisch/originals/pamhc-part1-
p067-ch05.jpg Graphic file (type QTm)

<use  "/Volumes/Storage/io/phonologie-auslaute-chinesisch/originals/pamhc-part1
-p067-ch05.jpg" > [77]
File: /Volumes/Storage/io/phonologie-auslaute-chinesisch/originals/pamhc-part1-
p068-ch05-blank.jpg Graphic file (type QTm)

<use  "/Volumes/Storage/io/phonologie-auslaute-chinesisch/originals/pamhc-part1
-p068-ch05-blank.jpg" >
File: /Volumes/Storage/io/phonologie-auslaute-chinesisch/originals/pamhc-part1-
p068-ch05-blank.jpg Graphic file (type QTm)

<use  "/Volumes/Storage/io/phonologie-auslaute-chinesisch/originals/pamhc-part1
-p068-ch05-blank.jpg" > [78]
File: /Volumes/Storage/io/phonologie-auslaute-chinesisch/originals/pamhc-part1-
p069-ch06.jpg Graphic file (type QTm)

<use  "/Volumes/Storage/io/phonologie-auslaute-chinesisch/originals/pamhc-part1
-p069-ch06.jpg" >
File: /Volumes/Storage/io/phonologie-auslaute-chinesisch/originals/pamhc-part1-
p069-ch06.jpg Graphic file (type QTm)

<use  "/Volumes/Storage/io/phonologie-auslaute-chinesisch/originals/pamhc-part1
-p069-ch06.jpg" > [79]
File: /Volumes/Storage/io/phonologie-auslaute-chinesisch/originals/pamhc-part1-
p070-ch06.jpg Graphic file (type QTm)

<use  "/Volumes/Storage/io/phonologie-auslaute-chinesisch/originals/pamhc-part1
-p070-ch06.jpg" >
File: /Volumes/Storage/io/phonologie-auslaute-chinesisch/originals/pamhc-part1-
p070-ch06.jpg Graphic file (type QTm)

<use  "/Volumes/Storage/io/phonologie-auslaute-chinesisch/originals/pamhc-part1
-p070-ch06.jpg" > [80]
File: /Volumes/Storage/io/phonologie-auslaute-chinesisch/originals/pamhc-part1-
p071-ch06.jpg Graphic file (type QTm)

<use  "/Volumes/Storage/io/phonologie-auslaute-chinesisch/originals/pamhc-part1
-p071-ch06.jpg" >
File: /Volumes/Storage/io/phonologie-auslaute-chinesisch/originals/pamhc-part1-
p071-ch06.jpg Graphic file (type QTm)

<use  "/Volumes/Storage/io/phonologie-auslaute-chinesisch/originals/pamhc-part1
-p071-ch06.jpg" > [81]
File: /Volumes/Storage/io/phonologie-auslaute-chinesisch/originals/pamhc-part1-
p072-ch06.jpg Graphic file (type QTm)

<use  "/Volumes/Storage/io/phonologie-auslaute-chinesisch/originals/pamhc-part1
-p072-ch06.jpg" >
File: /Volumes/Storage/io/phonologie-auslaute-chinesisch/originals/pamhc-part1-
p072-ch06.jpg Graphic file (type QTm)

<use  "/Volumes/Storage/io/phonologie-auslaute-chinesisch/originals/pamhc-part1
-p072-ch06.jpg" > [82]
File: /Volumes/Storage/io/phonologie-auslaute-chinesisch/originals/pamhc-part1-
p073-ch06.jpg Graphic file (type QTm)

<use  "/Volumes/Storage/io/phonologie-auslaute-chinesisch/originals/pamhc-part1
-p073-ch06.jpg" >
File: /Volumes/Storage/io/phonologie-auslaute-chinesisch/originals/pamhc-part1-
p073-ch06.jpg Graphic file (type QTm)

<use  "/Volumes/Storage/io/phonologie-auslaute-chinesisch/originals/pamhc-part1
-p073-ch06.jpg" > [83]
File: /Volumes/Storage/io/phonologie-auslaute-chinesisch/originals/pamhc-part1-
p074-ch06.jpg Graphic file (type QTm)

<use  "/Volumes/Storage/io/phonologie-auslaute-chinesisch/originals/pamhc-part1
-p074-ch06.jpg" >
File: /Volumes/Storage/io/phonologie-auslaute-chinesisch/originals/pamhc-part1-
p074-ch06.jpg Graphic file (type QTm)

<use  "/Volumes/Storage/io/phonologie-auslaute-chinesisch/originals/pamhc-part1
-p074-ch06.jpg" > [84]
File: /Volumes/Storage/io/phonologie-auslaute-chinesisch/originals/pamhc-part1-
p075-ch06.jpg Graphic file (type QTm)

<use  "/Volumes/Storage/io/phonologie-auslaute-chinesisch/originals/pamhc-part1
-p075-ch06.jpg" >
File: /Volumes/Storage/io/phonologie-auslaute-chinesisch/originals/pamhc-part1-
p075-ch06.jpg Graphic file (type QTm)

<use  "/Volumes/Storage/io/phonologie-auslaute-chinesisch/originals/pamhc-part1
-p075-ch06.jpg" > [85]
File: /Volumes/Storage/io/phonologie-auslaute-chinesisch/originals/pamhc-part1-
p076-ch06.jpg Graphic file (type QTm)

<use  "/Volumes/Storage/io/phonologie-auslaute-chinesisch/originals/pamhc-part1
-p076-ch06.jpg" >
File: /Volumes/Storage/io/phonologie-auslaute-chinesisch/originals/pamhc-part1-
p076-ch06.jpg Graphic file (type QTm)

<use  "/Volumes/Storage/io/phonologie-auslaute-chinesisch/originals/pamhc-part1
-p076-ch06.jpg" > [86]
File: /Volumes/Storage/io/phonologie-auslaute-chinesisch/originals/pamhc-part1-
p077-ch06.jpg Graphic file (type QTm)

<use  "/Volumes/Storage/io/phonologie-auslaute-chinesisch/originals/pamhc-part1
-p077-ch06.jpg" >
File: /Volumes/Storage/io/phonologie-auslaute-chinesisch/originals/pamhc-part1-
p077-ch06.jpg Graphic file (type QTm)

<use  "/Volumes/Storage/io/phonologie-auslaute-chinesisch/originals/pamhc-part1
-p077-ch06.jpg" > [87]
File: /Volumes/Storage/io/phonologie-auslaute-chinesisch/originals/pamhc-part1-
p078-ch06.jpg Graphic file (type QTm)

<use  "/Volumes/Storage/io/phonologie-auslaute-chinesisch/originals/pamhc-part1
-p078-ch06.jpg" >
File: /Volumes/Storage/io/phonologie-auslaute-chinesisch/originals/pamhc-part1-
p078-ch06.jpg Graphic file (type QTm)

<use  "/Volumes/Storage/io/phonologie-auslaute-chinesisch/originals/pamhc-part1
-p078-ch06.jpg" > [88]
File: /Volumes/Storage/io/phonologie-auslaute-chinesisch/originals/pamhc-part1-
p079-ch06.jpg Graphic file (type QTm)

<use  "/Volumes/Storage/io/phonologie-auslaute-chinesisch/originals/pamhc-part1
-p079-ch06.jpg" >
File: /Volumes/Storage/io/phonologie-auslaute-chinesisch/originals/pamhc-part1-
p079-ch06.jpg Graphic file (type QTm)

<use  "/Volumes/Storage/io/phonologie-auslaute-chinesisch/originals/pamhc-part1
-p079-ch06.jpg" > [89]
File: /Volumes/Storage/io/phonologie-auslaute-chinesisch/originals/pamhc-part1-
p080-ch06.jpg Graphic file (type QTm)

<use  "/Volumes/Storage/io/phonologie-auslaute-chinesisch/originals/pamhc-part1
-p080-ch06.jpg" >
File: /Volumes/Storage/io/phonologie-auslaute-chinesisch/originals/pamhc-part1-
p080-ch06.jpg Graphic file (type QTm)

<use  "/Volumes/Storage/io/phonologie-auslaute-chinesisch/originals/pamhc-part1
-p080-ch06.jpg" > [90]
File: /Volumes/Storage/io/phonologie-auslaute-chinesisch/originals/pamhc-part1-
p081-ch06.jpg Graphic file (type QTm)

<use  "/Volumes/Storage/io/phonologie-auslaute-chinesisch/originals/pamhc-part1
-p081-ch06.jpg" >
File: /Volumes/Storage/io/phonologie-auslaute-chinesisch/originals/pamhc-part1-
p081-ch06.jpg Graphic file (type QTm)

<use  "/Volumes/Storage/io/phonologie-auslaute-chinesisch/originals/pamhc-part1
-p081-ch06.jpg" > [91]
File: /Volumes/Storage/io/phonologie-auslaute-chinesisch/originals/pamhc-part1-
p082-ch06.jpg Graphic file (type QTm)

<use  "/Volumes/Storage/io/phonologie-auslaute-chinesisch/originals/pamhc-part1
-p082-ch06.jpg" >
File: /Volumes/Storage/io/phonologie-auslaute-chinesisch/originals/pamhc-part1-
p082-ch06.jpg Graphic file (type QTm)

<use  "/Volumes/Storage/io/phonologie-auslaute-chinesisch/originals/pamhc-part1
-p082-ch06.jpg" > [92]
File: /Volumes/Storage/io/phonologie-auslaute-chinesisch/originals/pamhc-part1-
p083-ch06.jpg Graphic file (type QTm)

<use  "/Volumes/Storage/io/phonologie-auslaute-chinesisch/originals/pamhc-part1
-p083-ch06.jpg" >
File: /Volumes/Storage/io/phonologie-auslaute-chinesisch/originals/pamhc-part1-
p083-ch06.jpg Graphic file (type QTm)

<use  "/Volumes/Storage/io/phonologie-auslaute-chinesisch/originals/pamhc-part1
-p083-ch06.jpg" > [93]
File: /Volumes/Storage/io/phonologie-auslaute-chinesisch/originals/pamhc-part1-
p084-ch06.jpg Graphic file (type QTm)

<use  "/Volumes/Storage/io/phonologie-auslaute-chinesisch/originals/pamhc-part1
-p084-ch06.jpg" >
File: /Volumes/Storage/io/phonologie-auslaute-chinesisch/originals/pamhc-part1-
p084-ch06.jpg Graphic file (type QTm)

<use  "/Volumes/Storage/io/phonologie-auslaute-chinesisch/originals/pamhc-part1
-p084-ch06.jpg" > [94]
File: /Volumes/Storage/io/phonologie-auslaute-chinesisch/originals/pamhc-part1-
p085-ch06.jpg Graphic file (type QTm)

<use  "/Volumes/Storage/io/phonologie-auslaute-chinesisch/originals/pamhc-part1
-p085-ch06.jpg" >
File: /Volumes/Storage/io/phonologie-auslaute-chinesisch/originals/pamhc-part1-
p085-ch06.jpg Graphic file (type QTm)

<use  "/Volumes/Storage/io/phonologie-auslaute-chinesisch/originals/pamhc-part1
-p085-ch06.jpg" > [95]
File: /Volumes/Storage/io/phonologie-auslaute-chinesisch/originals/pamhc-part1-
p086-ch06.jpg Graphic file (type QTm)

<use  "/Volumes/Storage/io/phonologie-auslaute-chinesisch/originals/pamhc-part1
-p086-ch06.jpg" >
File: /Volumes/Storage/io/phonologie-auslaute-chinesisch/originals/pamhc-part1-
p086-ch06.jpg Graphic file (type QTm)

<use  "/Volumes/Storage/io/phonologie-auslaute-chinesisch/originals/pamhc-part1
-p086-ch06.jpg" > [96]
File: /Volumes/Storage/io/phonologie-auslaute-chinesisch/originals/pamhc-part1-
p087-ch06.jpg Graphic file (type QTm)

<use  "/Volumes/Storage/io/phonologie-auslaute-chinesisch/originals/pamhc-part1
-p087-ch06.jpg" >
File: /Volumes/Storage/io/phonologie-auslaute-chinesisch/originals/pamhc-part1-
p087-ch06.jpg Graphic file (type QTm)

<use  "/Volumes/Storage/io/phonologie-auslaute-chinesisch/originals/pamhc-part1
-p087-ch06.jpg" > [97]
File: /Volumes/Storage/io/phonologie-auslaute-chinesisch/originals/pamhc-part1-
p088-ch06.jpg Graphic file (type QTm)

<use  "/Volumes/Storage/io/phonologie-auslaute-chinesisch/originals/pamhc-part1
-p088-ch06.jpg" >
File: /Volumes/Storage/io/phonologie-auslaute-chinesisch/originals/pamhc-part1-
p088-ch06.jpg Graphic file (type QTm)

<use  "/Volumes/Storage/io/phonologie-auslaute-chinesisch/originals/pamhc-part1
-p088-ch06.jpg" > [98]
File: /Volumes/Storage/io/phonologie-auslaute-chinesisch/originals/pamhc-part1-
p089-ch07.jpg Graphic file (type QTm)

<use  "/Volumes/Storage/io/phonologie-auslaute-chinesisch/originals/pamhc-part1
-p089-ch07.jpg" >
File: /Volumes/Storage/io/phonologie-auslaute-chinesisch/originals/pamhc-part1-
p089-ch07.jpg Graphic file (type QTm)

<use  "/Volumes/Storage/io/phonologie-auslaute-chinesisch/originals/pamhc-part1
-p089-ch07.jpg" > [99]
File: /Volumes/Storage/io/phonologie-auslaute-chinesisch/originals/pamhc-part1-
p090-ch07.jpg Graphic file (type QTm)

<use  "/Volumes/Storage/io/phonologie-auslaute-chinesisch/originals/pamhc-part1
-p090-ch07.jpg" >
File: /Volumes/Storage/io/phonologie-auslaute-chinesisch/originals/pamhc-part1-
p090-ch07.jpg Graphic file (type QTm)

<use  "/Volumes/Storage/io/phonologie-auslaute-chinesisch/originals/pamhc-part1
-p090-ch07.jpg" > [100]
File: /Volumes/Storage/io/phonologie-auslaute-chinesisch/originals/pamhc-part1-
p091-ch07.jpg Graphic file (type QTm)

<use  "/Volumes/Storage/io/phonologie-auslaute-chinesisch/originals/pamhc-part1
-p091-ch07.jpg" >
File: /Volumes/Storage/io/phonologie-auslaute-chinesisch/originals/pamhc-part1-
p091-ch07.jpg Graphic file (type QTm)

<use  "/Volumes/Storage/io/phonologie-auslaute-chinesisch/originals/pamhc-part1
-p091-ch07.jpg" > [101]
File: /Volumes/Storage/io/phonologie-auslaute-chinesisch/originals/pamhc-part1-
p092-ch07.jpg Graphic file (type QTm)

<use  "/Volumes/Storage/io/phonologie-auslaute-chinesisch/originals/pamhc-part1
-p092-ch07.jpg" >
File: /Volumes/Storage/io/phonologie-auslaute-chinesisch/originals/pamhc-part1-
p092-ch07.jpg Graphic file (type QTm)

<use  "/Volumes/Storage/io/phonologie-auslaute-chinesisch/originals/pamhc-part1
-p092-ch07.jpg" > [102]
File: /Volumes/Storage/io/phonologie-auslaute-chinesisch/originals/pamhc-part1-
p093-ch07.jpg Graphic file (type QTm)

<use  "/Volumes/Storage/io/phonologie-auslaute-chinesisch/originals/pamhc-part1
-p093-ch07.jpg" >
File: /Volumes/Storage/io/phonologie-auslaute-chinesisch/originals/pamhc-part1-
p093-ch07.jpg Graphic file (type QTm)

<use  "/Volumes/Storage/io/phonologie-auslaute-chinesisch/originals/pamhc-part1
-p093-ch07.jpg" > [103]
File: /Volumes/Storage/io/phonologie-auslaute-chinesisch/originals/pamhc-part1-
p094-ch07.jpg Graphic file (type QTm)

<use  "/Volumes/Storage/io/phonologie-auslaute-chinesisch/originals/pamhc-part1
-p094-ch07.jpg" >
File: /Volumes/Storage/io/phonologie-auslaute-chinesisch/originals/pamhc-part1-
p094-ch07.jpg Graphic file (type QTm)

<use  "/Volumes/Storage/io/phonologie-auslaute-chinesisch/originals/pamhc-part1
-p094-ch07.jpg" > [104]
File: /Volumes/Storage/io/phonologie-auslaute-chinesisch/originals/pamhc-part1-
p095-ch07.jpg Graphic file (type QTm)

<use  "/Volumes/Storage/io/phonologie-auslaute-chinesisch/originals/pamhc-part1
-p095-ch07.jpg" >
File: /Volumes/Storage/io/phonologie-auslaute-chinesisch/originals/pamhc-part1-
p095-ch07.jpg Graphic file (type QTm)

<use  "/Volumes/Storage/io/phonologie-auslaute-chinesisch/originals/pamhc-part1
-p095-ch07.jpg" > [105]
File: /Volumes/Storage/io/phonologie-auslaute-chinesisch/originals/pamhc-part1-
p096-ch07.jpg Graphic file (type QTm)

<use  "/Volumes/Storage/io/phonologie-auslaute-chinesisch/originals/pamhc-part1
-p096-ch07.jpg" >
File: /Volumes/Storage/io/phonologie-auslaute-chinesisch/originals/pamhc-part1-
p096-ch07.jpg Graphic file (type QTm)

<use  "/Volumes/Storage/io/phonologie-auslaute-chinesisch/originals/pamhc-part1
-p096-ch07.jpg" > [106]
File: /Volumes/Storage/io/phonologie-auslaute-chinesisch/originals/pamhc-part1-
p097-ch07.jpg Graphic file (type QTm)

<use  "/Volumes/Storage/io/phonologie-auslaute-chinesisch/originals/pamhc-part1
-p097-ch07.jpg" >
File: /Volumes/Storage/io/phonologie-auslaute-chinesisch/originals/pamhc-part1-
p097-ch07.jpg Graphic file (type QTm)

<use  "/Volumes/Storage/io/phonologie-auslaute-chinesisch/originals/pamhc-part1
-p097-ch07.jpg" > [107]
File: /Volumes/Storage/io/phonologie-auslaute-chinesisch/originals/pamhc-part1-
p098-ch07.jpg Graphic file (type QTm)

<use  "/Volumes/Storage/io/phonologie-auslaute-chinesisch/originals/pamhc-part1
-p098-ch07.jpg" >
File: /Volumes/Storage/io/phonologie-auslaute-chinesisch/originals/pamhc-part1-
p098-ch07.jpg Graphic file (type QTm)

<use  "/Volumes/Storage/io/phonologie-auslaute-chinesisch/originals/pamhc-part1
-p098-ch07.jpg" > [108]
File: /Volumes/Storage/io/phonologie-auslaute-chinesisch/originals/pamhc-part1-
p099-ch07.jpg Graphic file (type QTm)

<use  "/Volumes/Storage/io/phonologie-auslaute-chinesisch/originals/pamhc-part1
-p099-ch07.jpg" >
File: /Volumes/Storage/io/phonologie-auslaute-chinesisch/originals/pamhc-part1-
p099-ch07.jpg Graphic file (type QTm)

<use  "/Volumes/Storage/io/phonologie-auslaute-chinesisch/originals/pamhc-part1
-p099-ch07.jpg" > [109]
File: /Volumes/Storage/io/phonologie-auslaute-chinesisch/originals/pamhc-part1-
p100-ch07.jpg Graphic file (type QTm)

<use  "/Volumes/Storage/io/phonologie-auslaute-chinesisch/originals/pamhc-part1
-p100-ch07.jpg" >
File: /Volumes/Storage/io/phonologie-auslaute-chinesisch/originals/pamhc-part1-
p100-ch07.jpg Graphic file (type QTm)

<use  "/Volumes/Storage/io/phonologie-auslaute-chinesisch/originals/pamhc-part1
-p100-ch07.jpg" > [110]
File: /Volumes/Storage/io/phonologie-auslaute-chinesisch/originals/pamhc-part1-
p101-ch07.jpg Graphic file (type QTm)

<use  "/Volumes/Storage/io/phonologie-auslaute-chinesisch/originals/pamhc-part1
-p101-ch07.jpg" >
File: /Volumes/Storage/io/phonologie-auslaute-chinesisch/originals/pamhc-part1-
p101-ch07.jpg Graphic file (type QTm)

<use  "/Volumes/Storage/io/phonologie-auslaute-chinesisch/originals/pamhc-part1
-p101-ch07.jpg" > [111]
File: /Volumes/Storage/io/phonologie-auslaute-chinesisch/originals/pamhc-part1-
p102-ch07.jpg Graphic file (type QTm)

<use  "/Volumes/Storage/io/phonologie-auslaute-chinesisch/originals/pamhc-part1
-p102-ch07.jpg" >
File: /Volumes/Storage/io/phonologie-auslaute-chinesisch/originals/pamhc-part1-
p102-ch07.jpg Graphic file (type QTm)

<use  "/Volumes/Storage/io/phonologie-auslaute-chinesisch/originals/pamhc-part1
-p102-ch07.jpg" > [112]
File: /Volumes/Storage/io/phonologie-auslaute-chinesisch/originals/pamhc-part1-
p103-ch07.jpg Graphic file (type QTm)

<use  "/Volumes/Storage/io/phonologie-auslaute-chinesisch/originals/pamhc-part1
-p103-ch07.jpg" >
File: /Volumes/Storage/io/phonologie-auslaute-chinesisch/originals/pamhc-part1-
p103-ch07.jpg Graphic file (type QTm)

<use  "/Volumes/Storage/io/phonologie-auslaute-chinesisch/originals/pamhc-part1
-p103-ch07.jpg" > [113]
File: /Volumes/Storage/io/phonologie-auslaute-chinesisch/originals/pamhc-part1-
p104-ch07-blank.jpg Graphic file (type QTm)

<use  "/Volumes/Storage/io/phonologie-auslaute-chinesisch/originals/pamhc-part1
-p104-ch07-blank.jpg" >
File: /Volumes/Storage/io/phonologie-auslaute-chinesisch/originals/pamhc-part1-
p104-ch07-blank.jpg Graphic file (type QTm)

<use  "/Volumes/Storage/io/phonologie-auslaute-chinesisch/originals/pamhc-part1
-p104-ch07-blank.jpg" > [114]
File: /Volumes/Storage/io/phonologie-auslaute-chinesisch/originals/pamhc-part1-
p105-ch08.jpg Graphic file (type QTm)

<use  "/Volumes/Storage/io/phonologie-auslaute-chinesisch/originals/pamhc-part1
-p105-ch08.jpg" >
File: /Volumes/Storage/io/phonologie-auslaute-chinesisch/originals/pamhc-part1-
p105-ch08.jpg Graphic file (type QTm)

<use  "/Volumes/Storage/io/phonologie-auslaute-chinesisch/originals/pamhc-part1
-p105-ch08.jpg" > [115]
File: /Volumes/Storage/io/phonologie-auslaute-chinesisch/originals/pamhc-part1-
p106-ch08.jpg Graphic file (type QTm)

<use  "/Volumes/Storage/io/phonologie-auslaute-chinesisch/originals/pamhc-part1
-p106-ch08.jpg" >
File: /Volumes/Storage/io/phonologie-auslaute-chinesisch/originals/pamhc-part1-
p106-ch08.jpg Graphic file (type QTm)

<use  "/Volumes/Storage/io/phonologie-auslaute-chinesisch/originals/pamhc-part1
-p106-ch08.jpg" > [116]
File: /Volumes/Storage/io/phonologie-auslaute-chinesisch/originals/pamhc-part1-
p107-ch08.jpg Graphic file (type QTm)

<use  "/Volumes/Storage/io/phonologie-auslaute-chinesisch/originals/pamhc-part1
-p107-ch08.jpg" >
File: /Volumes/Storage/io/phonologie-auslaute-chinesisch/originals/pamhc-part1-
p107-ch08.jpg Graphic file (type QTm)

<use  "/Volumes/Storage/io/phonologie-auslaute-chinesisch/originals/pamhc-part1
-p107-ch08.jpg" > [117]
File: /Volumes/Storage/io/phonologie-auslaute-chinesisch/originals/pamhc-part1-
p108-ch08.jpg Graphic file (type QTm)

<use  "/Volumes/Storage/io/phonologie-auslaute-chinesisch/originals/pamhc-part1
-p108-ch08.jpg" >
File: /Volumes/Storage/io/phonologie-auslaute-chinesisch/originals/pamhc-part1-
p108-ch08.jpg Graphic file (type QTm)

<use  "/Volumes/Storage/io/phonologie-auslaute-chinesisch/originals/pamhc-part1
-p108-ch08.jpg" > [118]
File: /Volumes/Storage/io/phonologie-auslaute-chinesisch/originals/pamhc-part1-
p109-ch08.jpg Graphic file (type QTm)

<use  "/Volumes/Storage/io/phonologie-auslaute-chinesisch/originals/pamhc-part1
-p109-ch08.jpg" >
File: /Volumes/Storage/io/phonologie-auslaute-chinesisch/originals/pamhc-part1-
p109-ch08.jpg Graphic file (type QTm)

<use  "/Volumes/Storage/io/phonologie-auslaute-chinesisch/originals/pamhc-part1
-p109-ch08.jpg" > [119]
File: /Volumes/Storage/io/phonologie-auslaute-chinesisch/originals/pamhc-part1-
p110-ch08.jpg Graphic file (type QTm)

<use  "/Volumes/Storage/io/phonologie-auslaute-chinesisch/originals/pamhc-part1
-p110-ch08.jpg" >
File: /Volumes/Storage/io/phonologie-auslaute-chinesisch/originals/pamhc-part1-
p110-ch08.jpg Graphic file (type QTm)

<use  "/Volumes/Storage/io/phonologie-auslaute-chinesisch/originals/pamhc-part1
-p110-ch08.jpg" > [120]
File: /Volumes/Storage/io/phonologie-auslaute-chinesisch/originals/pamhc-part1-
p111-ch08.jpg Graphic file (type QTm)

<use  "/Volumes/Storage/io/phonologie-auslaute-chinesisch/originals/pamhc-part1
-p111-ch08.jpg" >
File: /Volumes/Storage/io/phonologie-auslaute-chinesisch/originals/pamhc-part1-
p111-ch08.jpg Graphic file (type QTm)

<use  "/Volumes/Storage/io/phonologie-auslaute-chinesisch/originals/pamhc-part1
-p111-ch08.jpg" > [121]
File: /Volumes/Storage/io/phonologie-auslaute-chinesisch/originals/pamhc-part1-
p112-ch08.jpg Graphic file (type QTm)

<use  "/Volumes/Storage/io/phonologie-auslaute-chinesisch/originals/pamhc-part1
-p112-ch08.jpg" >
File: /Volumes/Storage/io/phonologie-auslaute-chinesisch/originals/pamhc-part1-
p112-ch08.jpg Graphic file (type QTm)

<use  "/Volumes/Storage/io/phonologie-auslaute-chinesisch/originals/pamhc-part1
-p112-ch08.jpg" > [122]
File: /Volumes/Storage/io/phonologie-auslaute-chinesisch/originals/pamhc-part1-
p113-ch08.jpg Graphic file (type QTm)

<use  "/Volumes/Storage/io/phonologie-auslaute-chinesisch/originals/pamhc-part1
-p113-ch08.jpg" >
File: /Volumes/Storage/io/phonologie-auslaute-chinesisch/originals/pamhc-part1-
p113-ch08.jpg Graphic file (type QTm)

<use  "/Volumes/Storage/io/phonologie-auslaute-chinesisch/originals/pamhc-part1
-p113-ch08.jpg" > [123]
File: /Volumes/Storage/io/phonologie-auslaute-chinesisch/originals/pamhc-part1-
p114-ch08.jpg Graphic file (type QTm)

<use  "/Volumes/Storage/io/phonologie-auslaute-chinesisch/originals/pamhc-part1
-p114-ch08.jpg" >
File: /Volumes/Storage/io/phonologie-auslaute-chinesisch/originals/pamhc-part1-
p114-ch08.jpg Graphic file (type QTm)

<use  "/Volumes/Storage/io/phonologie-auslaute-chinesisch/originals/pamhc-part1
-p114-ch08.jpg" > [124]
File: /Volumes/Storage/io/phonologie-auslaute-chinesisch/originals/pamhc-part1-
p115-ch08.jpg Graphic file (type QTm)

<use  "/Volumes/Storage/io/phonologie-auslaute-chinesisch/originals/pamhc-part1
-p115-ch08.jpg" >
File: /Volumes/Storage/io/phonologie-auslaute-chinesisch/originals/pamhc-part1-
p115-ch08.jpg Graphic file (type QTm)

<use  "/Volumes/Storage/io/phonologie-auslaute-chinesisch/originals/pamhc-part1
-p115-ch08.jpg" > [125]
File: /Volumes/Storage/io/phonologie-auslaute-chinesisch/originals/pamhc-part1-
p116-ch08-blank.jpg Graphic file (type QTm)

<use  "/Volumes/Storage/io/phonologie-auslaute-chinesisch/originals/pamhc-part1
-p116-ch08-blank.jpg" >
File: /Volumes/Storage/io/phonologie-auslaute-chinesisch/originals/pamhc-part1-
p116-ch08-blank.jpg Graphic file (type QTm)

<use  "/Volumes/Storage/io/phonologie-auslaute-chinesisch/originals/pamhc-part1
-p116-ch08-blank.jpg" > [126]
File: /Volumes/Storage/io/phonologie-auslaute-chinesisch/originals/pamhc-part1-
p117-ch09.jpg Graphic file (type QTm)

<use  "/Volumes/Storage/io/phonologie-auslaute-chinesisch/originals/pamhc-part1
-p117-ch09.jpg" >
File: /Volumes/Storage/io/phonologie-auslaute-chinesisch/originals/pamhc-part1-
p117-ch09.jpg Graphic file (type QTm)

<use  "/Volumes/Storage/io/phonologie-auslaute-chinesisch/originals/pamhc-part1
-p117-ch09.jpg" > [127]
File: /Volumes/Storage/io/phonologie-auslaute-chinesisch/originals/pamhc-part1-
p118-ch09.jpg Graphic file (type QTm)

<use  "/Volumes/Storage/io/phonologie-auslaute-chinesisch/originals/pamhc-part1
-p118-ch09.jpg" >
File: /Volumes/Storage/io/phonologie-auslaute-chinesisch/originals/pamhc-part1-
p118-ch09.jpg Graphic file (type QTm)

<use  "/Volumes/Storage/io/phonologie-auslaute-chinesisch/originals/pamhc-part1
-p118-ch09.jpg" > [128]
File: /Volumes/Storage/io/phonologie-auslaute-chinesisch/originals/pamhc-part1-
p119-ch09.jpg Graphic file (type QTm)

<use  "/Volumes/Storage/io/phonologie-auslaute-chinesisch/originals/pamhc-part1
-p119-ch09.jpg" >
File: /Volumes/Storage/io/phonologie-auslaute-chinesisch/originals/pamhc-part1-
p119-ch09.jpg Graphic file (type QTm)

<use  "/Volumes/Storage/io/phonologie-auslaute-chinesisch/originals/pamhc-part1
-p119-ch09.jpg" > [129]
File: /Volumes/Storage/io/phonologie-auslaute-chinesisch/originals/pamhc-part1-
p120-ch09.jpg Graphic file (type QTm)

<use  "/Volumes/Storage/io/phonologie-auslaute-chinesisch/originals/pamhc-part1
-p120-ch09.jpg" >
File: /Volumes/Storage/io/phonologie-auslaute-chinesisch/originals/pamhc-part1-
p120-ch09.jpg Graphic file (type QTm)

<use  "/Volumes/Storage/io/phonologie-auslaute-chinesisch/originals/pamhc-part1
-p120-ch09.jpg" > [130]
File: /Volumes/Storage/io/phonologie-auslaute-chinesisch/originals/pamhc-part1-
p121-ch09.jpg Graphic file (type QTm)

<use  "/Volumes/Storage/io/phonologie-auslaute-chinesisch/originals/pamhc-part1
-p121-ch09.jpg" >
File: /Volumes/Storage/io/phonologie-auslaute-chinesisch/originals/pamhc-part1-
p121-ch09.jpg Graphic file (type QTm)

<use  "/Volumes/Storage/io/phonologie-auslaute-chinesisch/originals/pamhc-part1
-p121-ch09.jpg" > [131]
File: /Volumes/Storage/io/phonologie-auslaute-chinesisch/originals/pamhc-part1-
p122-ch09.jpg Graphic file (type QTm)

<use  "/Volumes/Storage/io/phonologie-auslaute-chinesisch/originals/pamhc-part1
-p122-ch09.jpg" >
File: /Volumes/Storage/io/phonologie-auslaute-chinesisch/originals/pamhc-part1-
p122-ch09.jpg Graphic file (type QTm)

<use  "/Volumes/Storage/io/phonologie-auslaute-chinesisch/originals/pamhc-part1
-p122-ch09.jpg" > [132]
File: /Volumes/Storage/io/phonologie-auslaute-chinesisch/originals/pamhc-part1-
p123-ch09.jpg Graphic file (type QTm)

<use  "/Volumes/Storage/io/phonologie-auslaute-chinesisch/originals/pamhc-part1
-p123-ch09.jpg" >
File: /Volumes/Storage/io/phonologie-auslaute-chinesisch/originals/pamhc-part1-
p123-ch09.jpg Graphic file (type QTm)

<use  "/Volumes/Storage/io/phonologie-auslaute-chinesisch/originals/pamhc-part1
-p123-ch09.jpg" > [133]
File: /Volumes/Storage/io/phonologie-auslaute-chinesisch/originals/pamhc-part1-
p124-ch09.jpg Graphic file (type QTm)

<use  "/Volumes/Storage/io/phonologie-auslaute-chinesisch/originals/pamhc-part1
-p124-ch09.jpg" >
File: /Volumes/Storage/io/phonologie-auslaute-chinesisch/originals/pamhc-part1-
p124-ch09.jpg Graphic file (type QTm)

<use  "/Volumes/Storage/io/phonologie-auslaute-chinesisch/originals/pamhc-part1
-p124-ch09.jpg" > [134]
File: /Volumes/Storage/io/phonologie-auslaute-chinesisch/originals/pamhc-part1-
p125-ch09.jpg Graphic file (type QTm)

<use  "/Volumes/Storage/io/phonologie-auslaute-chinesisch/originals/pamhc-part1
-p125-ch09.jpg" >
File: /Volumes/Storage/io/phonologie-auslaute-chinesisch/originals/pamhc-part1-
p125-ch09.jpg Graphic file (type QTm)

<use  "/Volumes/Storage/io/phonologie-auslaute-chinesisch/originals/pamhc-part1
-p125-ch09.jpg" > [135]
File: /Volumes/Storage/io/phonologie-auslaute-chinesisch/originals/pamhc-part1-
p126-ch09.jpg Graphic file (type QTm)

<use  "/Volumes/Storage/io/phonologie-auslaute-chinesisch/originals/pamhc-part1
-p126-ch09.jpg" >
File: /Volumes/Storage/io/phonologie-auslaute-chinesisch/originals/pamhc-part1-
p126-ch09.jpg Graphic file (type QTm)

<use  "/Volumes/Storage/io/phonologie-auslaute-chinesisch/originals/pamhc-part1
-p126-ch09.jpg" > [136]
File: /Volumes/Storage/io/phonologie-auslaute-chinesisch/originals/pamhc-part1-
p127-ch09.jpg Graphic file (type QTm)

<use  "/Volumes/Storage/io/phonologie-auslaute-chinesisch/originals/pamhc-part1
-p127-ch09.jpg" >
File: /Volumes/Storage/io/phonologie-auslaute-chinesisch/originals/pamhc-part1-
p127-ch09.jpg Graphic file (type QTm)

<use  "/Volumes/Storage/io/phonologie-auslaute-chinesisch/originals/pamhc-part1
-p127-ch09.jpg" > [137]
File: /Volumes/Storage/io/phonologie-auslaute-chinesisch/originals/pamhc-part1-
p128-ch09.jpg Graphic file (type QTm)

<use  "/Volumes/Storage/io/phonologie-auslaute-chinesisch/originals/pamhc-part1
-p128-ch09.jpg" >
File: /Volumes/Storage/io/phonologie-auslaute-chinesisch/originals/pamhc-part1-
p128-ch09.jpg Graphic file (type QTm)

<use  "/Volumes/Storage/io/phonologie-auslaute-chinesisch/originals/pamhc-part1
-p128-ch09.jpg" > [138]
File: /Volumes/Storage/io/phonologie-auslaute-chinesisch/originals/pamhc-part1-
p129-ch09.jpg Graphic file (type QTm)

<use  "/Volumes/Storage/io/phonologie-auslaute-chinesisch/originals/pamhc-part1
-p129-ch09.jpg" >
File: /Volumes/Storage/io/phonologie-auslaute-chinesisch/originals/pamhc-part1-
p129-ch09.jpg Graphic file (type QTm)

<use  "/Volumes/Storage/io/phonologie-auslaute-chinesisch/originals/pamhc-part1
-p129-ch09.jpg" > [139]
File: /Volumes/Storage/io/phonologie-auslaute-chinesisch/originals/pamhc-part1-
p130-ch09.jpg Graphic file (type QTm)

<use  "/Volumes/Storage/io/phonologie-auslaute-chinesisch/originals/pamhc-part1
-p130-ch09.jpg" >
File: /Volumes/Storage/io/phonologie-auslaute-chinesisch/originals/pamhc-part1-
p130-ch09.jpg Graphic file (type QTm)

<use  "/Volumes/Storage/io/phonologie-auslaute-chinesisch/originals/pamhc-part1
-p130-ch09.jpg" > [140]
File: /Volumes/Storage/io/phonologie-auslaute-chinesisch/originals/pamhc-part1-
p131-ch09.jpg Graphic file (type QTm)

<use  "/Volumes/Storage/io/phonologie-auslaute-chinesisch/originals/pamhc-part1
-p131-ch09.jpg" >
File: /Volumes/Storage/io/phonologie-auslaute-chinesisch/originals/pamhc-part1-
p131-ch09.jpg Graphic file (type QTm)

<use  "/Volumes/Storage/io/phonologie-auslaute-chinesisch/originals/pamhc-part1
-p131-ch09.jpg" > [141]
File: /Volumes/Storage/io/phonologie-auslaute-chinesisch/originals/pamhc-part1-
p132-ch09-blank.jpg Graphic file (type QTm)

<use  "/Volumes/Storage/io/phonologie-auslaute-chinesisch/originals/pamhc-part1
-p132-ch09-blank.jpg" >
File: /Volumes/Storage/io/phonologie-auslaute-chinesisch/originals/pamhc-part1-
p132-ch09-blank.jpg Graphic file (type QTm)

<use  "/Volumes/Storage/io/phonologie-auslaute-chinesisch/originals/pamhc-part1
-p132-ch09-blank.jpg" > [142]
File: /Volumes/Storage/io/phonologie-auslaute-chinesisch/originals/pamhc-part1-
p133-ch10.jpg Graphic file (type QTm)

<use  "/Volumes/Storage/io/phonologie-auslaute-chinesisch/originals/pamhc-part1
-p133-ch10.jpg" >
File: /Volumes/Storage/io/phonologie-auslaute-chinesisch/originals/pamhc-part1-
p133-ch10.jpg Graphic file (type QTm)

<use  "/Volumes/Storage/io/phonologie-auslaute-chinesisch/originals/pamhc-part1
-p133-ch10.jpg" > [143]
File: /Volumes/Storage/io/phonologie-auslaute-chinesisch/originals/pamhc-part1-
p134-ch10.jpg Graphic file (type QTm)

<use  "/Volumes/Storage/io/phonologie-auslaute-chinesisch/originals/pamhc-part1
-p134-ch10.jpg" >
File: /Volumes/Storage/io/phonologie-auslaute-chinesisch/originals/pamhc-part1-
p134-ch10.jpg Graphic file (type QTm)

<use  "/Volumes/Storage/io/phonologie-auslaute-chinesisch/originals/pamhc-part1
-p134-ch10.jpg" > [144]
File: /Volumes/Storage/io/phonologie-auslaute-chinesisch/originals/pamhc-part1-
p135-ch10.jpg Graphic file (type QTm)

<use  "/Volumes/Storage/io/phonologie-auslaute-chinesisch/originals/pamhc-part1
-p135-ch10.jpg" >
File: /Volumes/Storage/io/phonologie-auslaute-chinesisch/originals/pamhc-part1-
p135-ch10.jpg Graphic file (type QTm)

<use  "/Volumes/Storage/io/phonologie-auslaute-chinesisch/originals/pamhc-part1
-p135-ch10.jpg" > [145]
File: /Volumes/Storage/io/phonologie-auslaute-chinesisch/originals/pamhc-part1-
p136-ch10.jpg Graphic file (type QTm)

<use  "/Volumes/Storage/io/phonologie-auslaute-chinesisch/originals/pamhc-part1
-p136-ch10.jpg" >
File: /Volumes/Storage/io/phonologie-auslaute-chinesisch/originals/pamhc-part1-
p136-ch10.jpg Graphic file (type QTm)

<use  "/Volumes/Storage/io/phonologie-auslaute-chinesisch/originals/pamhc-part1
-p136-ch10.jpg" > [146]
File: /Volumes/Storage/io/phonologie-auslaute-chinesisch/originals/pamhc-part1-
p137-ch10.jpg Graphic file (type QTm)

<use  "/Volumes/Storage/io/phonologie-auslaute-chinesisch/originals/pamhc-part1
-p137-ch10.jpg" >
File: /Volumes/Storage/io/phonologie-auslaute-chinesisch/originals/pamhc-part1-
p137-ch10.jpg Graphic file (type QTm)

<use  "/Volumes/Storage/io/phonologie-auslaute-chinesisch/originals/pamhc-part1
-p137-ch10.jpg" > [147]
File: /Volumes/Storage/io/phonologie-auslaute-chinesisch/originals/pamhc-part1-
p138-ch10.jpg Graphic file (type QTm)

<use  "/Volumes/Storage/io/phonologie-auslaute-chinesisch/originals/pamhc-part1
-p138-ch10.jpg" >
File: /Volumes/Storage/io/phonologie-auslaute-chinesisch/originals/pamhc-part1-
p138-ch10.jpg Graphic file (type QTm)

<use  "/Volumes/Storage/io/phonologie-auslaute-chinesisch/originals/pamhc-part1
-p138-ch10.jpg" > [148]
File: /Volumes/Storage/io/phonologie-auslaute-chinesisch/originals/pamhc-part1-
p139-ch10.jpg Graphic file (type QTm)

<use  "/Volumes/Storage/io/phonologie-auslaute-chinesisch/originals/pamhc-part1
-p139-ch10.jpg" >
File: /Volumes/Storage/io/phonologie-auslaute-chinesisch/originals/pamhc-part1-
p139-ch10.jpg Graphic file (type QTm)

<use  "/Volumes/Storage/io/phonologie-auslaute-chinesisch/originals/pamhc-part1
-p139-ch10.jpg" > [149]
File: /Volumes/Storage/io/phonologie-auslaute-chinesisch/originals/pamhc-part1-
p140-ch10.jpg Graphic file (type QTm)

<use  "/Volumes/Storage/io/phonologie-auslaute-chinesisch/originals/pamhc-part1
-p140-ch10.jpg" >
File: /Volumes/Storage/io/phonologie-auslaute-chinesisch/originals/pamhc-part1-
p140-ch10.jpg Graphic file (type QTm)

<use  "/Volumes/Storage/io/phonologie-auslaute-chinesisch/originals/pamhc-part1
-p140-ch10.jpg" > [150]
File: /Volumes/Storage/io/phonologie-auslaute-chinesisch/originals/pamhc-part1-
p141-ch10.jpg Graphic file (type QTm)

<use  "/Volumes/Storage/io/phonologie-auslaute-chinesisch/originals/pamhc-part1
-p141-ch10.jpg" >
File: /Volumes/Storage/io/phonologie-auslaute-chinesisch/originals/pamhc-part1-
p141-ch10.jpg Graphic file (type QTm)

<use  "/Volumes/Storage/io/phonologie-auslaute-chinesisch/originals/pamhc-part1
-p141-ch10.jpg" > [151]
File: /Volumes/Storage/io/phonologie-auslaute-chinesisch/originals/pamhc-part1-
p142-ch10-blank.jpg Graphic file (type QTm)

<use  "/Volumes/Storage/io/phonologie-auslaute-chinesisch/originals/pamhc-part1
-p142-ch10-blank.jpg" >
File: /Volumes/Storage/io/phonologie-auslaute-chinesisch/originals/pamhc-part1-
p142-ch10-blank.jpg Graphic file (type QTm)

<use  "/Volumes/Storage/io/phonologie-auslaute-chinesisch/originals/pamhc-part1
-p142-ch10-blank.jpg" > [152]
File: /Volumes/Storage/io/phonologie-auslaute-chinesisch/originals/pamhc-part1-
p143-ch11.jpg Graphic file (type QTm)

<use  "/Volumes/Storage/io/phonologie-auslaute-chinesisch/originals/pamhc-part1
-p143-ch11.jpg" >
File: /Volumes/Storage/io/phonologie-auslaute-chinesisch/originals/pamhc-part1-
p143-ch11.jpg Graphic file (type QTm)

<use  "/Volumes/Storage/io/phonologie-auslaute-chinesisch/originals/pamhc-part1
-p143-ch11.jpg" > [153]
File: /Volumes/Storage/io/phonologie-auslaute-chinesisch/originals/pamhc-part1-
p144-ch11.jpg Graphic file (type QTm)

<use  "/Volumes/Storage/io/phonologie-auslaute-chinesisch/originals/pamhc-part1
-p144-ch11.jpg" >
File: /Volumes/Storage/io/phonologie-auslaute-chinesisch/originals/pamhc-part1-
p144-ch11.jpg Graphic file (type QTm)

<use  "/Volumes/Storage/io/phonologie-auslaute-chinesisch/originals/pamhc-part1
-p144-ch11.jpg" > [154]
File: /Volumes/Storage/io/phonologie-auslaute-chinesisch/originals/pamhc-part1-
p145-ch11.jpg Graphic file (type QTm)

<use  "/Volumes/Storage/io/phonologie-auslaute-chinesisch/originals/pamhc-part1
-p145-ch11.jpg" >
File: /Volumes/Storage/io/phonologie-auslaute-chinesisch/originals/pamhc-part1-
p145-ch11.jpg Graphic file (type QTm)

<use  "/Volumes/Storage/io/phonologie-auslaute-chinesisch/originals/pamhc-part1
-p145-ch11.jpg" > [155]
File: /Volumes/Storage/io/phonologie-auslaute-chinesisch/originals/pamhc-part1-
p146-ch11.jpg Graphic file (type QTm)

<use  "/Volumes/Storage/io/phonologie-auslaute-chinesisch/originals/pamhc-part1
-p146-ch11.jpg" >
File: /Volumes/Storage/io/phonologie-auslaute-chinesisch/originals/pamhc-part1-
p146-ch11.jpg Graphic file (type QTm)

<use  "/Volumes/Storage/io/phonologie-auslaute-chinesisch/originals/pamhc-part1
-p146-ch11.jpg" > [156]
File: /Volumes/Storage/io/phonologie-auslaute-chinesisch/originals/pamhc-part1-
p147-ch11.jpg Graphic file (type QTm)

<use  "/Volumes/Storage/io/phonologie-auslaute-chinesisch/originals/pamhc-part1
-p147-ch11.jpg" >
File: /Volumes/Storage/io/phonologie-auslaute-chinesisch/originals/pamhc-part1-
p147-ch11.jpg Graphic file (type QTm)

<use  "/Volumes/Storage/io/phonologie-auslaute-chinesisch/originals/pamhc-part1
-p147-ch11.jpg" > [157]
File: /Volumes/Storage/io/phonologie-auslaute-chinesisch/originals/pamhc-part1-
p148-ch11-blank.jpg Graphic file (type QTm)

<use  "/Volumes/Storage/io/phonologie-auslaute-chinesisch/originals/pamhc-part1
-p148-ch11-blank.jpg" >
File: /Volumes/Storage/io/phonologie-auslaute-chinesisch/originals/pamhc-part1-
p148-ch11-blank.jpg Graphic file (type QTm)

<use  "/Volumes/Storage/io/phonologie-auslaute-chinesisch/originals/pamhc-part1
-p148-ch11-blank.jpg" > [158]
File: /Volumes/Storage/io/phonologie-auslaute-chinesisch/originals/pamhc-part1-
p149-bibliography.jpg Graphic file (type QTm)

<use  "/Volumes/Storage/io/phonologie-auslaute-chinesisch/originals/pamhc-part1
-p149-bibliography.jpg" >
File: /Volumes/Storage/io/phonologie-auslaute-chinesisch/originals/pamhc-part1-
p149-bibliography.jpg Graphic file (type QTm)

<use  "/Volumes/Storage/io/phonologie-auslaute-chinesisch/originals/pamhc-part1
-p149-bibliography.jpg" > [159]
File: /Volumes/Storage/io/phonologie-auslaute-chinesisch/originals/pamhc-part1-
p150-bibliography.jpg Graphic file (type QTm)

<use  "/Volumes/Storage/io/phonologie-auslaute-chinesisch/originals/pamhc-part1
-p150-bibliography.jpg" >
File: /Volumes/Storage/io/phonologie-auslaute-chinesisch/originals/pamhc-part1-
p150-bibliography.jpg Graphic file (type QTm)

<use  "/Volumes/Storage/io/phonologie-auslaute-chinesisch/originals/pamhc-part1
-p150-bibliography.jpg" > [160]
File: /Volumes/Storage/io/phonologie-auslaute-chinesisch/originals/pamhc-part1-
p151-bibliography.jpg Graphic file (type QTm)

<use  "/Volumes/Storage/io/phonologie-auslaute-chinesisch/originals/pamhc-part1
-p151-bibliography.jpg" >
File: /Volumes/Storage/io/phonologie-auslaute-chinesisch/originals/pamhc-part1-
p151-bibliography.jpg Graphic file (type QTm)

<use  "/Volumes/Storage/io/phonologie-auslaute-chinesisch/originals/pamhc-part1
-p151-bibliography.jpg" > [161]
File: /Volumes/Storage/io/phonologie-auslaute-chinesisch/originals/pamhc-part1-
p152-bibliography.jpg Graphic file (type QTm)

<use  "/Volumes/Storage/io/phonologie-auslaute-chinesisch/originals/pamhc-part1
-p152-bibliography.jpg" >
File: /Volumes/Storage/io/phonologie-auslaute-chinesisch/originals/pamhc-part1-
p152-bibliography.jpg Graphic file (type QTm)

<use  "/Volumes/Storage/io/phonologie-auslaute-chinesisch/originals/pamhc-part1
-p152-bibliography.jpg" > [162]
File: /Volumes/Storage/io/phonologie-auslaute-chinesisch/originals/pamhc-part1-
p153-bibliography.jpg Graphic file (type QTm)

<use  "/Volumes/Storage/io/phonologie-auslaute-chinesisch/originals/pamhc-part1
-p153-bibliography.jpg" >
File: /Volumes/Storage/io/phonologie-auslaute-chinesisch/originals/pamhc-part1-
p153-bibliography.jpg Graphic file (type QTm)

<use  "/Volumes/Storage/io/phonologie-auslaute-chinesisch/originals/pamhc-part1
-p153-bibliography.jpg" > [163]
File: /Volumes/Storage/io/phonologie-auslaute-chinesisch/originals/pamhc-part1-
p154-bibliography.jpg Graphic file (type QTm)

<use  "/Volumes/Storage/io/phonologie-auslaute-chinesisch/originals/pamhc-part1
-p154-bibliography.jpg" >
File: /Volumes/Storage/io/phonologie-auslaute-chinesisch/originals/pamhc-part1-
p154-bibliography.jpg Graphic file (type QTm)

<use  "/Volumes/Storage/io/phonologie-auslaute-chinesisch/originals/pamhc-part1
-p154-bibliography.jpg" > [164]
File: /Volumes/Storage/io/phonologie-auslaute-chinesisch/originals/pamhc-part1-
p155-bibliography.jpg Graphic file (type QTm)

<use  "/Volumes/Storage/io/phonologie-auslaute-chinesisch/originals/pamhc-part1
-p155-bibliography.jpg" >
File: /Volumes/Storage/io/phonologie-auslaute-chinesisch/originals/pamhc-part1-
p155-bibliography.jpg Graphic file (type QTm)

<use  "/Volumes/Storage/io/phonologie-auslaute-chinesisch/originals/pamhc-part1
-p155-bibliography.jpg" > [165] [166]
File: /Volumes/Storage/io/phonologie-auslaute-chinesisch/originals/pamhc-part1-
p157-appendix-a.jpg Graphic file (type QTm)

<use  "/Volumes/Storage/io/phonologie-auslaute-chinesisch/originals/pamhc-part1
-p157-appendix-a.jpg" >
File: /Volumes/Storage/io/phonologie-auslaute-chinesisch/originals/pamhc-part1-
p157-appendix-a.jpg Graphic file (type QTm)

<use  "/Volumes/Storage/io/phonologie-auslaute-chinesisch/originals/pamhc-part1
-p157-appendix-a.jpg" > [167]
File: /Volumes/Storage/io/phonologie-auslaute-chinesisch/originals/pamhc-part1-
p158-appendix-a.jpg Graphic file (type QTm)

<use  "/Volumes/Storage/io/phonologie-auslaute-chinesisch/originals/pamhc-part1
-p158-appendix-a.jpg" >
File: /Volumes/Storage/io/phonologie-auslaute-chinesisch/originals/pamhc-part1-
p158-appendix-a.jpg Graphic file (type QTm)

<use  "/Volumes/Storage/io/phonologie-auslaute-chinesisch/originals/pamhc-part1
-p158-appendix-a.jpg" > [168]
File: /Volumes/Storage/io/phonologie-auslaute-chinesisch/originals/pamhc-part1-
p159-appendix-a.jpg Graphic file (type QTm)

<use  "/Volumes/Storage/io/phonologie-auslaute-chinesisch/originals/pamhc-part1
-p159-appendix-a.jpg" >
File: /Volumes/Storage/io/phonologie-auslaute-chinesisch/originals/pamhc-part1-
p159-appendix-a.jpg Graphic file (type QTm)

<use  "/Volumes/Storage/io/phonologie-auslaute-chinesisch/originals/pamhc-part1
-p159-appendix-a.jpg" > [169]
File: /Volumes/Storage/io/phonologie-auslaute-chinesisch/originals/pamhc-part1-
p160-appendix-a.jpg Graphic file (type QTm)

<use  "/Volumes/Storage/io/phonologie-auslaute-chinesisch/originals/pamhc-part1
-p160-appendix-a.jpg" >
File: /Volumes/Storage/io/phonologie-auslaute-chinesisch/originals/pamhc-part1-
p160-appendix-a.jpg Graphic file (type QTm)

<use  "/Volumes/Storage/io/phonologie-auslaute-chinesisch/originals/pamhc-part1
-p160-appendix-a.jpg" > [170]
File: /Volumes/Storage/io/phonologie-auslaute-chinesisch/originals/pamhc-part1-
p161-appendix-a.jpg Graphic file (type QTm)

<use  "/Volumes/Storage/io/phonologie-auslaute-chinesisch/originals/pamhc-part1
-p161-appendix-a.jpg" >
File: /Volumes/Storage/io/phonologie-auslaute-chinesisch/originals/pamhc-part1-
p161-appendix-a.jpg Graphic file (type QTm)

<use  "/Volumes/Storage/io/phonologie-auslaute-chinesisch/originals/pamhc-part1
-p161-appendix-a.jpg" > [171]
File: /Volumes/Storage/io/phonologie-auslaute-chinesisch/originals/pamhc-part1-
p162-appendix-a.jpg Graphic file (type QTm)

<use  "/Volumes/Storage/io/phonologie-auslaute-chinesisch/originals/pamhc-part1
-p162-appendix-a.jpg" >
File: /Volumes/Storage/io/phonologie-auslaute-chinesisch/originals/pamhc-part1-
p162-appendix-a.jpg Graphic file (type QTm)

<use  "/Volumes/Storage/io/phonologie-auslaute-chinesisch/originals/pamhc-part1
-p162-appendix-a.jpg" > [172]
File: /Volumes/Storage/io/phonologie-auslaute-chinesisch/originals/pamhc-part1-
p163-appendix-b.jpg Graphic file (type QTm)

<use  "/Volumes/Storage/io/phonologie-auslaute-chinesisch/originals/pamhc-part1
-p163-appendix-b.jpg" >
File: /Volumes/Storage/io/phonologie-auslaute-chinesisch/originals/pamhc-part1-
p163-appendix-b.jpg Graphic file (type QTm)

<use  "/Volumes/Storage/io/phonologie-auslaute-chinesisch/originals/pamhc-part1
-p163-appendix-b.jpg" > [173]
File: /Volumes/Storage/io/phonologie-auslaute-chinesisch/originals/pamhc-part1-
p164-appendix-b.jpg Graphic file (type QTm)

<use  "/Volumes/Storage/io/phonologie-auslaute-chinesisch/originals/pamhc-part1
-p164-appendix-b.jpg" >
File: /Volumes/Storage/io/phonologie-auslaute-chinesisch/originals/pamhc-part1-
p164-appendix-b.jpg Graphic file (type QTm)

<use  "/Volumes/Storage/io/phonologie-auslaute-chinesisch/originals/pamhc-part1
-p164-appendix-b.jpg" > [174]
File: /Volumes/Storage/io/phonologie-auslaute-chinesisch/originals/pamhc-part1-
p165-appendix-b.jpg Graphic file (type QTm)

<use  "/Volumes/Storage/io/phonologie-auslaute-chinesisch/originals/pamhc-part1
-p165-appendix-b.jpg" >
File: /Volumes/Storage/io/phonologie-auslaute-chinesisch/originals/pamhc-part1-
p165-appendix-b.jpg Graphic file (type QTm)

<use  "/Volumes/Storage/io/phonologie-auslaute-chinesisch/originals/pamhc-part1
-p165-appendix-b.jpg" > [175]
File: /Volumes/Storage/io/phonologie-auslaute-chinesisch/originals/pamhc-part1-
p166-appendix-b.jpg Graphic file (type QTm)

<use  "/Volumes/Storage/io/phonologie-auslaute-chinesisch/originals/pamhc-part1
-p166-appendix-b.jpg" >
File: /Volumes/Storage/io/phonologie-auslaute-chinesisch/originals/pamhc-part1-
p166-appendix-b.jpg Graphic file (type QTm)

<use  "/Volumes/Storage/io/phonologie-auslaute-chinesisch/originals/pamhc-part1
-p166-appendix-b.jpg" > [176] [177] [178]
File: /Volumes/Storage/io/phonologie-auslaute-chinesisch/originals/pamhc-part1-
p167-handout.jpg Graphic file (type QTm)

<use  "/Volumes/Storage/io/phonologie-auslaute-chinesisch/originals/pamhc-part1
-p167-handout.jpg" >
File: /Volumes/Storage/io/phonologie-auslaute-chinesisch/originals/pamhc-part1-
p167-handout.jpg Graphic file (type QTm)

<use  "/Volumes/Storage/io/phonologie-auslaute-chinesisch/originals/pamhc-part1
-p167-handout.jpg" > [179]
File: /Volumes/Storage/io/phonologie-auslaute-chinesisch/originals/pamhc-part1-
p168-handout.jpg Graphic file (type QTm)

<use  "/Volumes/Storage/io/phonologie-auslaute-chinesisch/originals/pamhc-part1
-p168-handout.jpg" >
File: /Volumes/Storage/io/phonologie-auslaute-chinesisch/originals/pamhc-part1-
p168-handout.jpg Graphic file (type QTm)

<use  "/Volumes/Storage/io/phonologie-auslaute-chinesisch/originals/pamhc-part1
-p168-handout.jpg" > [180]
File: /Volumes/Storage/io/phonologie-auslaute-chinesisch/originals/pamhc-part1-
p169-handout.jpg Graphic file (type QTm)

<use  "/Volumes/Storage/io/phonologie-auslaute-chinesisch/originals/pamhc-part1
-p169-handout.jpg" >
File: /Volumes/Storage/io/phonologie-auslaute-chinesisch/originals/pamhc-part1-
p169-handout.jpg Graphic file (type QTm)

<use  "/Volumes/Storage/io/phonologie-auslaute-chinesisch/originals/pamhc-part1
-p169-handout.jpg" > [181]
File: /Volumes/Storage/io/phonologie-auslaute-chinesisch/originals/pamhc-part1-
p170-handout.jpg Graphic file (type QTm)

<use  "/Volumes/Storage/io/phonologie-auslaute-chinesisch/originals/pamhc-part1
-p170-handout.jpg" >
File: /Volumes/Storage/io/phonologie-auslaute-chinesisch/originals/pamhc-part1-
p170-handout.jpg Graphic file (type QTm)

<use  "/Volumes/Storage/io/phonologie-auslaute-chinesisch/originals/pamhc-part1
-p170-handout.jpg" > [182]
File: /Volumes/Storage/io/phonologie-auslaute-chinesisch/originals/pamhc-part1-
p171-handout.jpg Graphic file (type QTm)

<use  "/Volumes/Storage/io/phonologie-auslaute-chinesisch/originals/pamhc-part1
-p171-handout.jpg" >
File: /Volumes/Storage/io/phonologie-auslaute-chinesisch/originals/pamhc-part1-
p171-handout.jpg Graphic file (type QTm)

<use  "/Volumes/Storage/io/phonologie-auslaute-chinesisch/originals/pamhc-part1
-p171-handout.jpg" > [183]
File: /Volumes/Storage/io/phonologie-auslaute-chinesisch/originals/pamhc-part1-
p173-affidavit.jpg Graphic file (type QTm)

<use  "/Volumes/Storage/io/phonologie-auslaute-chinesisch/originals/pamhc-part1
-p173-affidavit.jpg" >
File: /Volumes/Storage/io/phonologie-auslaute-chinesisch/originals/pamhc-part1-
p173-affidavit.jpg Graphic file (type QTm)

<use  "/Volumes/Storage/io/phonologie-auslaute-chinesisch/originals/pamhc-part1
-p173-affidavit.jpg" > [184] (./pamhc.aux) ) 
Here is how much of TeX's memory you used:
 2275 strings out of 493734
 44255 string characters out of 6146348
 97600 words of memory out of 5000000
 5408 multiletter control sequences out of 15000+600000
 3640 words of font info for 14 fonts, out of 8000000 for 9000
 1328 hyphenation exceptions out of 8191
 37i,5n,33p,821b,196s stack positions out of 5000i,500n,10000p,200000b,80000s

Output written on pamhc.pdf (184 pages).
